#
# There is insufficient memory for the Java Runtime Environment to continue.
# Native memory allocation (malloc) failed to allocate 862176 bytes for Chunk::new
# Possible reasons:
#   The system is out of physical RAM or swap space
#   In 32 bit mode, the process size limit was hit
# Possible solutions:
#   Reduce memory load on the system
#   Increase physical memory or swap space
#   Check if swap backing store is full
#   Use 64 bit Java on a 64 bit OS
#   Decrease Java heap size (-Xmx/-Xms)
#   Decrease number of Java threads
#   Decrease Java thread stack sizes (-Xss)
#   Set larger code cache with -XX:ReservedCodeCacheSize=
# This output file may be truncated or incomplete.
#
#  Out of Memory Error (allocation.cpp:323), pid=6276, tid=6492
#
# JRE version: Java(TM) SE Runtime Environment (7.0_71-b14) (build 1.7.0_71-b14)
# Java VM: Java HotSpot(TM) 64-Bit Server VM (24.71-b01 mixed mode windows-amd64 compressed oops)
# Failed to write core dump. Minidumps are not enabled by default on client versions of Windows
#

---------------  T H R E A D  ---------------

Current thread (0x0000000008377800):  JavaThread "C2 CompilerThread0" daemon [_thread_in_native, id=6492, stack(0x0000000009530000,0x0000000009630000)]

Stack: [0x0000000009530000,0x0000000009630000]
[error occurred during error reporting (printing stack bounds), id 0xc0000005]


[error occurred during error reporting (printing native stack), id 0xc0000005]


Current CompileTask:
C2:   6349  136   !         com.android.dx.cf.code.Ropper::processBlock (1101 bytes)


---------------  P R O C E S S  ---------------

Java Threads: ( => current thread )
  0x0000000008384800 JavaThread "Service Thread" daemon [_thread_blocked, id=4396, stack(0x00000000096c0000,0x00000000097c0000)]
  0x000000000837e000 JavaThread "C2 CompilerThread1" daemon [_thread_blocked, id=7128, stack(0x0000000009030000,0x0000000009130000)]
=>0x0000000008377800 JavaThread "C2 CompilerThread0" daemon [_thread_in_native, id=6492, stack(0x0000000009530000,0x0000000009630000)]
  0x0000000008376000 JavaThread "Attach Listener" daemon [_thread_blocked, id=2036, stack(0x0000000008e00000,0x0000000008f00000)]
  0x0000000008374800 JavaThread "Signal Dispatcher" daemon [_thread_blocked, id=6712, stack(0x0000000009310000,0x0000000009410000)]
  0x0000000008317000 JavaThread "Finalizer" daemon [_thread_blocked, id=6188, stack(0x0000000009160000,0x0000000009260000)]
  0x000000000225d000 JavaThread "Reference Handler" daemon [_thread_blocked, id=1388, stack(0x0000000008f30000,0x0000000009030000)]
  0x000000000231e000 JavaThread "main" [_thread_in_vm, id=5840, stack(0x0000000002550000,0x0000000002650000)]

Other Threads:
  0x0000000008313000 VMThread [stack: 0x0000000008c90000,0x0000000008d90000] [id=6672]
  0x000000000838e800 WatcherThread [stack: 0x0000000009910000,0x0000000009a10000] [id=5356]

VM state:not at safepoint (normal execution)

VM Mutex/Monitor currently owned by a thread: None

Heap
 PSYoungGen      total 17920K, used 2837K [0x00000000eaa80000, 0x00000000ebe00000, 0x0000000100000000)
  eden space 15872K, 4% used [0x00000000eaa80000,0x00000000eab45aa8,0x00000000eba00000)
  from space 2048K, 99% used [0x00000000eba00000,0x00000000ebbff9e8,0x00000000ebc00000)
  to   space 2048K, 0% used [0x00000000ebc00000,0x00000000ebc00000,0x00000000ebe00000)
 ParOldGen       total 39424K, used 2499K [0x00000000c0000000, 0x00000000c2680000, 0x00000000eaa80000)
  object space 39424K, 6% used [0x00000000c0000000,0x00000000c0270fd0,0x00000000c2680000)
 PSPermGen       total 21504K, used 4972K [0x00000000bae00000, 0x00000000bc300000, 0x00000000c0000000)
  object space 21504K, 23% used [0x00000000bae00000,0x00000000bb2db3c0,0x00000000bc300000)

Card table byte_map: [0x0000000005650000,0x0000000005880000] byte_map_base: 0x0000000005079000

Polling page: 0x00000000001d0000

Code Cache  [0x0000000002650000, 0x00000000028c0000, 0x0000000005650000)
 total_blobs=343 nmethods=135 adapters=161 free_code_cache=48561Kb largest_free_block=49697728

Compilation events (10 events):
Event: 5.907 Thread 0x000000000837e000 nmethod 131 0x00000000026e5cd0 code [0x00000000026e5e00, 0x00000000026e5e58]
Event: 5.917 Thread 0x0000000008377800  132             com.android.dx.rop.code.Insn::<init> (69 bytes)
Event: 5.919 Thread 0x0000000008377800 nmethod 132 0x00000000026e59d0 code [0x00000000026e5b00, 0x00000000026e5bf8]
Event: 5.975 Thread 0x000000000837e000  133             com.android.dx.rop.code.RegisterSpecList::<init> (6 bytes)
Event: 5.979 Thread 0x000000000837e000 nmethod 133 0x00000000026e5650 code [0x00000000026e57a0, 0x00000000026e58d8]
Event: 6.032 Thread 0x0000000008377800  134             com.android.dx.rop.type.Type::equals (31 bytes)
Event: 6.035 Thread 0x0000000008377800 nmethod 134 0x00000000026e52d0 code [0x00000000026e5420, 0x00000000026e5558]
Event: 6.187 Thread 0x000000000837e000  135             com.android.dx.rop.code.RegisterSpecList::set (7 bytes)
Event: 6.190 Thread 0x000000000837e000 nmethod 135 0x00000000026e4e50 code [0x00000000026e4fa0, 0x00000000026e5098]
Event: 6.209 Thread 0x0000000008377800  136   !         com.android.dx.cf.code.Ropper::processBlock (1101 bytes)

GC Heap History (2 events):
Event: 6.125 GC heap before
{Heap before GC invocations=1 (full 0):
 PSYoungGen      total 17920K, used 15872K [0x00000000eaa80000, 0x00000000ebe00000, 0x0000000100000000)
  eden space 15872K, 100% used [0x00000000eaa80000,0x00000000eba00000,0x00000000eba00000)
  from space 2048K, 0% used [0x00000000ebc00000,0x00000000ebc00000,0x00000000ebe00000)
  to   space 2048K, 0% used [0x00000000eba00000,0x00000000eba00000,0x00000000ebc00000)
 ParOldGen       total 39424K, used 0K [0x00000000c0000000, 0x00000000c2680000, 0x00000000eaa80000)
  object space 39424K, 0% used [0x00000000c0000000,0x00000000c0000000,0x00000000c2680000)
 PSPermGen       total 21504K, used 4959K [0x00000000bae00000, 0x00000000bc300000, 0x00000000c0000000)
  object space 21504K, 23% used [0x00000000bae00000,0x00000000bb2d7c50,0x00000000bc300000)
Event: 6.147 GC heap after
Heap after GC invocations=1 (full 0):
 PSYoungGen      total 17920K, used 2046K [0x00000000eaa80000, 0x00000000ebe00000, 0x0000000100000000)
  eden space 15872K, 0% used [0x00000000eaa80000,0x00000000eaa80000,0x00000000eba00000)
  from space 2048K, 99% used [0x00000000eba00000,0x00000000ebbff9e8,0x00000000ebc00000)
  to   space 2048K, 0% used [0x00000000ebc00000,0x00000000ebc00000,0x00000000ebe00000)
 ParOldGen       total 39424K, used 2499K [0x00000000c0000000, 0x00000000c2680000, 0x00000000eaa80000)
  object space 39424K, 6% used [0x00000000c0000000,0x00000000c0270fd0,0x00000000c2680000)
 PSPermGen       total 21504K, used 4959K [0x00000000bae00000, 0x00000000bc300000, 0x00000000c0000000)
  object space 21504K, 23% used [0x00000000bae00000,0x00000000bb2d7c50,0x00000000bc300000)
}

Deoptimization events (3 events):
Event: 3.648 Thread 0x000000000231e000 Uncommon trap: reason=unreached action=reinterpret pc=0x00000000026c0734 method=com.android.dx.rop.code.RegisterSpecSet.mutableCopy()Lcom/android/dx/rop/code/RegisterSpecSet; @ 32
Event: 5.510 Thread 0x000000000231e000 Uncommon trap: reason=null_check action=make_not_entrant pc=0x00000000026d96d0 method=com.android.dx.rop.type.Type.equals(Ljava/lang/Object;)Z @ 8
Event: 5.514 Thread 0x000000000231e000 Uncommon trap: reason=null_check action=make_not_entrant pc=0x00000000026c446c method=com.android.dx.rop.code.LocalItem.equals(Ljava/lang/Object;)Z @ 1

Internal exceptions (10 events):
Event: 2.824 Thread 0x000000000231e000 Threw 0x00000000eb175d78 at C:\re\jdk7u71\1605\hotspot\src\share\vm\prims\jvm.cpp:1281
Event: 2.826 Thread 0x000000000231e000 Threw 0x00000000eb17a240 at C:\re\jdk7u71\1605\hotspot\src\share\vm\prims\jvm.cpp:1281
Event: 2.828 Thread 0x000000000231e000 Threw 0x00000000eb17fa30 at C:\re\jdk7u71\1605\hotspot\src\share\vm\prims\jvm.cpp:1281
Event: 2.831 Thread 0x000000000231e000 Threw 0x00000000eb188490 at C:\re\jdk7u71\1605\hotspot\src\share\vm\prims\jvm.cpp:1281
Event: 2.834 Thread 0x000000000231e000 Threw 0x00000000eb18d750 at C:\re\jdk7u71\1605\hotspot\src\share\vm\prims\jvm.cpp:1281
Event: 2.835 Thread 0x000000000231e000 Threw 0x00000000eb190818 at C:\re\jdk7u71\1605\hotspot\src\share\vm\prims\jvm.cpp:1281
Event: 3.072 Thread 0x000000000231e000 Threw 0x00000000eb1fe2e8 at C:\re\jdk7u71\1605\hotspot\src\share\vm\prims\jvm.cpp:1281
Event: 3.641 Thread 0x000000000231e000 Threw 0x00000000eb371788 at C:\re\jdk7u71\1605\hotspot\src\share\vm\prims\jvm.cpp:1281
Event: 5.506 Thread 0x000000000231e000 Threw 0x00000000eb81c7a8 at C:\re\jdk7u71\1605\hotspot\src\share\vm\prims\jvm.cpp:1281
Event: 5.510 Thread 0x000000000231e000 Implicit null exception at 0x00000000026d9612 to 0x00000000026d96c1

Events (10 events):
Event: 6.151 loading class 0x00000000021ea570
Event: 6.151 loading class 0x00000000021ea570 done
Event: 6.154 Executing VM operation: RevokeBias
Event: 6.154 Executing VM operation: RevokeBias done
Event: 6.156 Executing VM operation: RevokeBias
Event: 6.156 Executing VM operation: RevokeBias done
Event: 6.158 Executing VM operation: RevokeBias
Event: 6.159 Executing VM operation: RevokeBias done
Event: 6.159 Executing VM operation: RevokeBias
Event: 6.159 Executing VM operation: RevokeBias done


Dynamic libraries:
0x000000013fd10000 - 0x000000013fd43000 	C:\Program Files\Java\jdk1.7.0_71\bin\java.exe
0x0000000077660000 - 0x0000000077809000 	C:\Windows\SYSTEM32\ntdll.dll
0x0000000077440000 - 0x0000000077560000 	C:\Windows\system32\kernel32.dll
0x000007fefd610000 - 0x000007fefd67c000 	C:\Windows\system32\KERNELBASE.dll
0x000007fefdc40000 - 0x000007fefdd1b000 	C:\Windows\system32\ADVAPI32.dll
0x000007feff2f0000 - 0x000007feff38f000 	C:\Windows\system32\msvcrt.dll
0x000007fefdf20000 - 0x000007fefdf3f000 	C:\Windows\SYSTEM32\sechost.dll
0x000007feff730000 - 0x000007feff85d000 	C:\Windows\system32\RPCRT4.dll
0x0000000077560000 - 0x000000007765a000 	C:\Windows\system32\USER32.dll
0x000007fefdf40000 - 0x000007fefdfa7000 	C:\Windows\system32\GDI32.dll
0x000007feff070000 - 0x000007feff07e000 	C:\Windows\system32\LPK.dll
0x000007fefdd20000 - 0x000007fefdde9000 	C:\Windows\system32\USP10.dll
0x000007fefbfe0000 - 0x000007fefc1d4000 	C:\Windows\WinSxS\amd64_microsoft.windows.common-controls_6595b64144ccf1df_6.0.7601.18837_none_fa3b1e3d17594757\COMCTL32.dll
0x000007fefede0000 - 0x000007fefee51000 	C:\Windows\system32\SHLWAPI.dll
0x000007feff570000 - 0x000007feff59e000 	C:\Windows\system32\IMM32.DLL
0x000007feff860000 - 0x000007feff969000 	C:\Windows\system32\MSCTF.dll
0x00000000500c0000 - 0x0000000050192000 	C:\Program Files\Java\jdk1.7.0_71\jre\bin\msvcr100.dll
0x000000006e560000 - 0x000000006ed33000 	C:\Program Files\Java\jdk1.7.0_71\jre\bin\server\jvm.dll
0x000007fef8e90000 - 0x000007fef8e99000 	C:\Windows\system32\WSOCK32.dll
0x000007fefdbf0000 - 0x000007fefdc3d000 	C:\Windows\system32\WS2_32.dll
0x000007feff600000 - 0x000007feff608000 	C:\Windows\system32\NSI.dll
0x000007fefaff0000 - 0x000007fefb02b000 	C:\Windows\system32\WINMM.dll
0x0000000077830000 - 0x0000000077837000 	C:\Windows\system32\PSAPI.DLL
0x000000005c420000 - 0x000000005c42f000 	C:\Program Files\Java\jdk1.7.0_71\jre\bin\verify.dll
0x000000005b260000 - 0x000000005b288000 	C:\Program Files\Java\jdk1.7.0_71\jre\bin\java.dll
0x000000005b2f0000 - 0x000000005b305000 	C:\Program Files\Java\jdk1.7.0_71\jre\bin\zip.dll

VM Arguments:
jvm_args: -Djava.awt.headless=true -Xmx1024M -Dfile.encoding=windows-1251 -Duser.country=RU -Duser.language=ru -Duser.variant 
java_command: com.android.dx.command.Main --dex --force-jumbo --multi-dex --output C:\Natallia\AndroidStudioProjects\MyFirstApp\app\build\intermediates\transforms\dex\debug\folders\1000\5\slice_1 C:\Natallia\AndroidStudioProjects\MyFirstApp\app\build\intermediates\transforms\instantRunSlicer\debug\folders\1\5\slice_1
Launcher Type: SUN_STANDARD

Environment Variables:
PATH=C:\ProgramData\Oracle\Java\javapath;C:\Program Files (x86)\AMD APP\bin\x86_64;C:\Program Files (x86)\AMD APP\bin\x86;C:\Windows\system32;C:\Windows;C:\Windows\System32\Wbem;C:\Windows\System32\WindowsPowerShell\v1.0\;C:\Program Files (x86)\ATI Technologies\ATI.ACE\Core-Static;C:\Program Files (x86)\Microsoft SQL Server\100\Tools\Binn\;C:\Program Files\Microsoft SQL Server\100\Tools\Binn\;C:\Program Files\Microsoft SQL Server\100\DTS\Binn\;C:\Program Files\Microsoft\Web Platform Installer\;C:\Program Files (x86)\Microsoft ASP.NET\ASP.NET Web Pages\v1.0\;C:\Program Files\Microsoft SQL Server\110\Tools\Binn\;C:\Windows\system32\config\systemprofile\.dnx\bin;C:\Program Files\Microsoft DNX\Dnvm\;C:\Program Files (x86)\Common Files\Acronis\SnapAPI\;C:\Program Files (x86)\Windows Kits\8.1\Windows Performance Toolkit\;C:\Program Files (x86)\Microsoft SDKs\TypeScript\1.0\;C:\Program Files\Microsoft SQL Server\120\Tools\Binn\;C:\Program Files\MATLAB\R2016a\runtime\win64;C:\Program Files\MATLAB\R2016a\bin;C:\Program Files\MATLAB\R2016a\polyspace\bin;C:\Program Files (x86)\Skype\Phone\;
USERNAME=ASUS
OS=Windows_NT
PROCESSOR_IDENTIFIER=AMD64 Family 20 Model 2 Stepping 0, AuthenticAMD



---------------  S Y S T E M  ---------------

OS: Windows 7 , 64 bit Build 7601 Service Pack 1

CPU:total 2 (2 cores per cpu, 1 threads per core) family 20 model 2 stepping 0, cmov, cx8, fxsr, mmx, sse, sse2, sse3, ssse3, popcnt, mmxext, lzcnt, sse4a, tsc, tscinvbit, tscinv

Memory: 4k page, physical 3779356k(844532k free), swap 4826096k(5696k free)

vm_info: Java HotSpot(TM) 64-Bit Server VM (24.71-b01) for windows-amd64 JRE (1.7.0_71-b14), built on Sep 26 2014 16:16:12 by "java_re" with unknown MS VC++:1600

time: Wed Jul 06 14:40:48 2016
elapsed time: 6 seconds

