#
# There is insufficient memory for the Java Runtime Environment to continue.
# Native memory allocation (malloc) failed to allocate 77296 bytes for Chunk::new
# Possible reasons:
#   The system is out of physical RAM or swap space
#   In 32 bit mode, the process size limit was hit
# Possible solutions:
#   Reduce memory load on the system
#   Increase physical memory or swap space
#   Check if swap backing store is full
#   Use 64 bit Java on a 64 bit OS
#   Decrease Java heap size (-Xmx/-Xms)
#   Decrease number of Java threads
#   Decrease Java thread stack sizes (-Xss)
#   Set larger code cache with -XX:ReservedCodeCacheSize=
# This output file may be truncated or incomplete.
#
#  Out of Memory Error (allocation.cpp:323), pid=6788, tid=7116
#
# JRE version: Java(TM) SE Runtime Environment (7.0_71-b14) (build 1.7.0_71-b14)
# Java VM: Java HotSpot(TM) 64-Bit Server VM (24.71-b01 mixed mode windows-amd64 compressed oops)
# Failed to write core dump. Minidumps are not enabled by default on client versions of Windows
#

---------------  T H R E A D  ---------------

Current thread (0x0000000008391800):  JavaThread "C2 CompilerThread1" daemon [_thread_in_native, id=7116, stack(0x0000000008de0000,0x0000000008ee0000)]

Stack: [0x0000000008de0000,0x0000000008ee0000]
[error occurred during error reporting (printing stack bounds), id 0xc0000005]


[error occurred during error reporting (printing native stack), id 0xc0000005]


Current CompileTask:
C2:   3131   11             sun.net.www.ParseUtil::encodePath (336 bytes)


---------------  P R O C E S S  ---------------

Java Threads: ( => current thread )
  0x0000000008394800 JavaThread "Service Thread" daemon [_thread_blocked, id=6168, stack(0x0000000009880000,0x0000000009980000)]
=>0x0000000008391800 JavaThread "C2 CompilerThread1" daemon [_thread_in_native, id=7116, stack(0x0000000008de0000,0x0000000008ee0000)]
  0x000000000837f800 JavaThread "C2 CompilerThread0" daemon [_thread_blocked, id=6040, stack(0x0000000009750000,0x0000000009850000)]
  0x000000000837e000 JavaThread "Attach Listener" daemon [_thread_blocked, id=6296, stack(0x00000000095b0000,0x00000000096b0000)]
  0x000000000837c800 JavaThread "Signal Dispatcher" daemon [_thread_blocked, id=7120, stack(0x0000000009430000,0x0000000009530000)]
  0x000000000832c800 JavaThread "Finalizer" daemon [_thread_blocked, id=5968, stack(0x0000000009200000,0x0000000009300000)]
  0x000000000243d000 JavaThread "Reference Handler" daemon [_thread_blocked, id=4864, stack(0x00000000090e0000,0x00000000091e0000)]
  0x000000000018e000 JavaThread "main" [_thread_in_vm, id=5352, stack(0x0000000002490000,0x0000000002590000)]

Other Threads:
  0x0000000008322800 VMThread [stack: 0x0000000008f00000,0x0000000009000000] [id=6348]
  0x000000000839e800 WatcherThread [stack: 0x0000000009a10000,0x0000000009b10000] [id=5868]

VM state:not at safepoint (normal execution)

VM Mutex/Monitor currently owned by a thread: None

Heap
 PSYoungGen      total 17920K, used 4843K [0x00000000eaa80000, 0x00000000ebe00000, 0x0000000100000000)
  eden space 15872K, 30% used [0x00000000eaa80000,0x00000000eaf3af20,0x00000000eba00000)
  from space 2048K, 0% used [0x00000000ebc00000,0x00000000ebc00000,0x00000000ebe00000)
  to   space 2048K, 0% used [0x00000000eba00000,0x00000000eba00000,0x00000000ebc00000)
 ParOldGen       total 39424K, used 0K [0x00000000c0000000, 0x00000000c2680000, 0x00000000eaa80000)
  object space 39424K, 0% used [0x00000000c0000000,0x00000000c0000000,0x00000000c2680000)
 PSPermGen       total 21504K, used 4111K [0x00000000bae00000, 0x00000000bc300000, 0x00000000c0000000)
  object space 21504K, 19% used [0x00000000bae00000,0x00000000bb203ef0,0x00000000bc300000)

Card table byte_map: [0x0000000005640000,0x0000000005870000] byte_map_base: 0x0000000005069000

Polling page: 0x0000000000130000

Code Cache  [0x0000000002640000, 0x00000000028b0000, 0x0000000005640000)
 total_blobs=213 nmethods=10 adapters=157 free_code_cache=48746Kb largest_free_block=49900992

Compilation events (10 events):
Event: 2.129 Thread 0x0000000008391800 nmethod 6 0x00000000026a5190 code [0x00000000026a52e0, 0x00000000026a57c8]
Event: 2.466 Thread 0x000000000837f800    7             java.lang.String::equals (81 bytes)
Event: 2.474 Thread 0x000000000837f800 nmethod 7 0x00000000026a4690 code [0x00000000026a47e0, 0x00000000026a4a18]
Event: 2.593 Thread 0x0000000008391800    8             java.lang.String::startsWith (72 bytes)
Event: 2.595 Thread 0x000000000837f800    9             java.lang.Object::<init> (1 bytes)
Event: 2.597 Thread 0x000000000837f800 nmethod 9 0x00000000026a4250 code [0x00000000026a4380, 0x00000000026a43f8]
Event: 2.599 Thread 0x0000000008391800 nmethod 8 0x00000000026a76d0 code [0x00000000026a7820, 0x00000000026a79b8]
Event: 2.824 Thread 0x000000000837f800   10             java.lang.String::charAt (29 bytes)
Event: 2.826 Thread 0x000000000837f800 nmethod 10 0x00000000026a5f50 code [0x00000000026a6080, 0x00000000026a6118]
Event: 3.097 Thread 0x0000000008391800   11             sun.net.www.ParseUtil::encodePath (336 bytes)

GC Heap History (0 events):
No events

Deoptimization events (0 events):
No events

Internal exceptions (10 events):
Event: 3.077 Thread 0x000000000018e000 Threw 0x00000000eaf05bb8 at C:\re\jdk7u71\1605\hotspot\src\share\vm\prims\jvm.cpp:1281
Event: 3.082 Thread 0x000000000018e000 Threw 0x00000000eaf0d810 at C:\re\jdk7u71\1605\hotspot\src\share\vm\prims\jvm.cpp:1281
Event: 3.085 Thread 0x000000000018e000 Threw 0x00000000eaf129e0 at C:\re\jdk7u71\1605\hotspot\src\share\vm\prims\jvm.cpp:1281
Event: 3.087 Thread 0x000000000018e000 Threw 0x00000000eaf17960 at C:\re\jdk7u71\1605\hotspot\src\share\vm\prims\jvm.cpp:1281
Event: 3.094 Thread 0x000000000018e000 Threw 0x00000000eaf1e248 at C:\re\jdk7u71\1605\hotspot\src\share\vm\prims\jvm.cpp:1281
Event: 3.096 Thread 0x000000000018e000 Threw 0x00000000eaf23100 at C:\re\jdk7u71\1605\hotspot\src\share\vm\prims\jvm.cpp:1281
Event: 3.098 Thread 0x000000000018e000 Threw 0x00000000eaf25620 at C:\re\jdk7u71\1605\hotspot\src\share\vm\prims\jvm.cpp:1281
Event: 3.099 Thread 0x000000000018e000 Threw 0x00000000eaf2abe0 at C:\re\jdk7u71\1605\hotspot\src\share\vm\prims\jvm.cpp:1281
Event: 3.101 Thread 0x000000000018e000 Threw 0x00000000eaf2cb58 at C:\re\jdk7u71\1605\hotspot\src\share\vm\prims\jvm.cpp:1281
Event: 3.102 Thread 0x000000000018e000 Threw 0x00000000eaf2ee70 at C:\re\jdk7u71\1605\hotspot\src\share\vm\prims\jvm.cpp:1281

Events (10 events):
Event: 3.096 loading class 0x0000000009baf550
Event: 3.096 loading class 0x0000000009baf550 done
Event: 3.098 loading class 0x0000000009bbbcc0
Event: 3.098 loading class 0x0000000009bbbcc0 done
Event: 3.099 loading class 0x0000000009bafc50
Event: 3.099 loading class 0x0000000009bafc50 done
Event: 3.101 loading class 0x0000000009bb7d60
Event: 3.101 loading class 0x0000000009bb7d60 done
Event: 3.102 loading class 0x0000000009bb7da0
Event: 3.102 loading class 0x0000000009bb7da0 done


Dynamic libraries:
0x000000013fd10000 - 0x000000013fd43000 	C:\Program Files\Java\jdk1.7.0_71\bin\java.exe
0x0000000077660000 - 0x0000000077809000 	C:\Windows\SYSTEM32\ntdll.dll
0x0000000077440000 - 0x0000000077560000 	C:\Windows\system32\kernel32.dll
0x000007fefd610000 - 0x000007fefd67c000 	C:\Windows\system32\KERNELBASE.dll
0x000007fefdc40000 - 0x000007fefdd1b000 	C:\Windows\system32\ADVAPI32.dll
0x000007feff2f0000 - 0x000007feff38f000 	C:\Windows\system32\msvcrt.dll
0x000007fefdf20000 - 0x000007fefdf3f000 	C:\Windows\SYSTEM32\sechost.dll
0x000007feff730000 - 0x000007feff85d000 	C:\Windows\system32\RPCRT4.dll
0x0000000077560000 - 0x000000007765a000 	C:\Windows\system32\USER32.dll
0x000007fefdf40000 - 0x000007fefdfa7000 	C:\Windows\system32\GDI32.dll
0x000007feff070000 - 0x000007feff07e000 	C:\Windows\system32\LPK.dll
0x000007fefdd20000 - 0x000007fefdde9000 	C:\Windows\system32\USP10.dll
0x000007fefbfe0000 - 0x000007fefc1d4000 	C:\Windows\WinSxS\amd64_microsoft.windows.common-controls_6595b64144ccf1df_6.0.7601.18837_none_fa3b1e3d17594757\COMCTL32.dll
0x000007fefede0000 - 0x000007fefee51000 	C:\Windows\system32\SHLWAPI.dll
0x000007feff570000 - 0x000007feff59e000 	C:\Windows\system32\IMM32.DLL
0x000007feff860000 - 0x000007feff969000 	C:\Windows\system32\MSCTF.dll
0x00000000500c0000 - 0x0000000050192000 	C:\Program Files\Java\jdk1.7.0_71\jre\bin\msvcr100.dll
0x000000006e560000 - 0x000000006ed33000 	C:\Program Files\Java\jdk1.7.0_71\jre\bin\server\jvm.dll
0x000007fef8e90000 - 0x000007fef8e99000 	C:\Windows\system32\WSOCK32.dll
0x000007fefdbf0000 - 0x000007fefdc3d000 	C:\Windows\system32\WS2_32.dll
0x000007feff600000 - 0x000007feff608000 	C:\Windows\system32\NSI.dll
0x000007fefaff0000 - 0x000007fefb02b000 	C:\Windows\system32\WINMM.dll
0x0000000077830000 - 0x0000000077837000 	C:\Windows\system32\PSAPI.DLL
0x000000005c420000 - 0x000000005c42f000 	C:\Program Files\Java\jdk1.7.0_71\jre\bin\verify.dll
0x000000005b260000 - 0x000000005b288000 	C:\Program Files\Java\jdk1.7.0_71\jre\bin\java.dll
0x000000005b2f0000 - 0x000000005b305000 	C:\Program Files\Java\jdk1.7.0_71\jre\bin\zip.dll

VM Arguments:
jvm_args: -Djava.awt.headless=true -Xmx1024M -Dfile.encoding=windows-1251 -Duser.country=RU -Duser.language=ru -Duser.variant 
java_command: com.android.dx.command.Main --dex --force-jumbo --multi-dex --output C:\Natallia\AndroidStudioProjects\MyFirstApp\app\build\intermediates\transforms\dex\debug\folders\1000\5\slice_9 C:\Natallia\AndroidStudioProjects\MyFirstApp\app\build\intermediates\transforms\instantRunSlicer\debug\folders\1\5\slice_9
Launcher Type: SUN_STANDARD

Environment Variables:
PATH=C:\ProgramData\Oracle\Java\javapath;C:\Program Files (x86)\AMD APP\bin\x86_64;C:\Program Files (x86)\AMD APP\bin\x86;C:\Windows\system32;C:\Windows;C:\Windows\System32\Wbem;C:\Windows\System32\WindowsPowerShell\v1.0\;C:\Program Files (x86)\ATI Technologies\ATI.ACE\Core-Static;C:\Program Files (x86)\Microsoft SQL Server\100\Tools\Binn\;C:\Program Files\Microsoft SQL Server\100\Tools\Binn\;C:\Program Files\Microsoft SQL Server\100\DTS\Binn\;C:\Program Files\Microsoft\Web Platform Installer\;C:\Program Files (x86)\Microsoft ASP.NET\ASP.NET Web Pages\v1.0\;C:\Program Files\Microsoft SQL Server\110\Tools\Binn\;C:\Windows\system32\config\systemprofile\.dnx\bin;C:\Program Files\Microsoft DNX\Dnvm\;C:\Program Files (x86)\Common Files\Acronis\SnapAPI\;C:\Program Files (x86)\Windows Kits\8.1\Windows Performance Toolkit\;C:\Program Files (x86)\Microsoft SDKs\TypeScript\1.0\;C:\Program Files\Microsoft SQL Server\120\Tools\Binn\;C:\Program Files\MATLAB\R2016a\runtime\win64;C:\Program Files\MATLAB\R2016a\bin;C:\Program Files\MATLAB\R2016a\polyspace\bin;C:\Program Files (x86)\Skype\Phone\;
USERNAME=ASUS
OS=Windows_NT
PROCESSOR_IDENTIFIER=AMD64 Family 20 Model 2 Stepping 0, AuthenticAMD



---------------  S Y S T E M  ---------------

OS: Windows 7 , 64 bit Build 7601 Service Pack 1

CPU:total 2 (2 cores per cpu, 1 threads per core) family 20 model 2 stepping 0, cmov, cx8, fxsr, mmx, sse, sse2, sse3, ssse3, popcnt, mmxext, lzcnt, sse4a, tsc, tscinvbit, tscinv

Memory: 4k page, physical 3779356k(869004k free), swap 4826096k(5000k free)

vm_info: Java HotSpot(TM) 64-Bit Server VM (24.71-b01) for windows-amd64 JRE (1.7.0_71-b14), built on Sep 26 2014 16:16:12 by "java_re" with unknown MS VC++:1600

time: Wed Jul 06 14:41:17 2016
elapsed time: 3 seconds

