#
# There is insufficient memory for the Java Runtime Environment to continue.
# Native memory allocation (malloc) failed to allocate 262160 bytes for Chunk::new
# Possible reasons:
#   The system is out of physical RAM or swap space
#   In 32 bit mode, the process size limit was hit
# Possible solutions:
#   Reduce memory load on the system
#   Increase physical memory or swap space
#   Check if swap backing store is full
#   Use 64 bit Java on a 64 bit OS
#   Decrease Java heap size (-Xmx/-Xms)
#   Decrease number of Java threads
#   Decrease Java thread stack sizes (-Xss)
#   Set larger code cache with -XX:ReservedCodeCacheSize=
# This output file may be truncated or incomplete.
#
#  Out of Memory Error (allocation.cpp:323), pid=7144, tid=6020
#
# JRE version: Java(TM) SE Runtime Environment (7.0_71-b14) (build 1.7.0_71-b14)
# Java VM: Java HotSpot(TM) 64-Bit Server VM (24.71-b01 mixed mode windows-amd64 compressed oops)
# Failed to write core dump. Minidumps are not enabled by default on client versions of Windows
#

---------------  T H R E A D  ---------------

Current thread (0x000000000828f800):  JavaThread "C2 CompilerThread0" daemon [_thread_in_native, id=6020, stack(0x0000000009430000,0x0000000009530000)]

Stack: [0x0000000009430000,0x0000000009530000]
[error occurred during error reporting (printing stack bounds), id 0xc0000005]


[error occurred during error reporting (printing native stack), id 0xc0000005]


Current CompileTask:
C2:  18424  254   !         com.android.dx.cf.code.BytecodeArray::parseInstruction (2764 bytes)


---------------  P R O C E S S  ---------------

Java Threads: ( => current thread )
  0x00000000082a4800 JavaThread "Service Thread" daemon [_thread_blocked, id=6000, stack(0x0000000009810000,0x0000000009910000)]
  0x00000000082a1800 JavaThread "C2 CompilerThread1" daemon [_thread_blocked, id=5332, stack(0x0000000009580000,0x0000000009680000)]
=>0x000000000828f800 JavaThread "C2 CompilerThread0" daemon [_thread_in_native, id=6020, stack(0x0000000009430000,0x0000000009530000)]
  0x000000000828e000 JavaThread "Attach Listener" daemon [_thread_blocked, id=6900, stack(0x0000000008c50000,0x0000000008d50000)]
  0x000000000828c800 JavaThread "Signal Dispatcher" daemon [_thread_blocked, id=4144, stack(0x0000000009220000,0x0000000009320000)]
  0x000000000823c800 JavaThread "Finalizer" daemon [_thread_blocked, id=4140, stack(0x0000000009040000,0x0000000009140000)]
  0x000000000227d000 JavaThread "Reference Handler" daemon [_thread_blocked, id=6212, stack(0x0000000008e90000,0x0000000008f90000)]
  0x000000000017e800 JavaThread "main" [_thread_in_Java, id=3280, stack(0x0000000002560000,0x0000000002660000)]

Other Threads:
  0x0000000008233000 VMThread [stack: 0x0000000008d70000,0x0000000008e70000] [id=6104]
  0x00000000082ae800 WatcherThread [stack: 0x0000000009970000,0x0000000009a70000] [id=1168]

VM state:not at safepoint (normal execution)

VM Mutex/Monitor currently owned by a thread: None

Heap
 PSYoungGen      total 17920K, used 5179K [0x00000000eaa80000, 0x00000000ebe00000, 0x0000000100000000)
  eden space 15872K, 19% used [0x00000000eaa80000,0x00000000ead92c00,0x00000000eba00000)
  from space 2048K, 99% used [0x00000000ebc00000,0x00000000ebdfc038,0x00000000ebe00000)
  to   space 2048K, 0% used [0x00000000eba00000,0x00000000eba00000,0x00000000ebc00000)
 ParOldGen       total 39424K, used 4174K [0x00000000c0000000, 0x00000000c2680000, 0x00000000eaa80000)
  object space 39424K, 10% used [0x00000000c0000000,0x00000000c0413a48,0x00000000c2680000)
 PSPermGen       total 21504K, used 5565K [0x00000000bae00000, 0x00000000bc300000, 0x00000000c0000000)
  object space 21504K, 25% used [0x00000000bae00000,0x00000000bb36f4e8,0x00000000bc300000)

Card table byte_map: [0x0000000005660000,0x0000000005890000] byte_map_base: 0x0000000005089000

Polling page: 0x0000000000140000

Code Cache  [0x0000000002660000, 0x00000000028d0000, 0x0000000005660000)
 total_blobs=484 nmethods=251 adapters=186 free_code_cache=48133Kb largest_free_block=49262784

Compilation events (10 events):
Event: 17.769 Thread 0x00000000082a1800 nmethod 244 0x000000000275b210 code [0x000000000275b740, 0x000000000275f278]
Event: 17.955 Thread 0x000000000828f800  250             com.android.dx.ssa.SsaBasicBlock::getRopLabelSuccessorList (57 bytes)
Event: 17.989 Thread 0x000000000828f800 nmethod 250 0x0000000002746450 code [0x00000000027465e0, 0x0000000002746d18]
Event: 17.989 Thread 0x00000000082a1800  251             com.android.dx.rop.code.BasicBlockList$RegCountVisitor::visitPlainInsn (6 bytes)
Event: 18.001 Thread 0x00000000082a1800 nmethod 251 0x0000000002745b10 code [0x0000000002745c80, 0x0000000002745f38]
Event: 18.106 Thread 0x000000000828f800  252             com.android.dx.cf.code.RopperMachine::jopToRopOpcode (1103 bytes)
Event: 18.156 Thread 0x000000000828f800 nmethod 252 0x0000000002758250 code [0x0000000002758bc0, 0x00000000027593b8]
Event: 18.169 Thread 0x00000000082a1800  253             com.android.dx.ssa.SsaMethod::blockIndexToRopLabel (21 bytes)
Event: 18.172 Thread 0x00000000082a1800 nmethod 253 0x00000000027449d0 code [0x0000000002744b20, 0x0000000002744bf8]
Event: 18.174 Thread 0x000000000828f800  254   !         com.android.dx.cf.code.BytecodeArray::parseInstruction (2764 bytes)

GC Heap History (4 events):
Event: 9.323 GC heap before
{Heap before GC invocations=1 (full 0):
 PSYoungGen      total 17920K, used 15872K [0x00000000eaa80000, 0x00000000ebe00000, 0x0000000100000000)
  eden space 15872K, 100% used [0x00000000eaa80000,0x00000000eba00000,0x00000000eba00000)
  from space 2048K, 0% used [0x00000000ebc00000,0x00000000ebc00000,0x00000000ebe00000)
  to   space 2048K, 0% used [0x00000000eba00000,0x00000000eba00000,0x00000000ebc00000)
 ParOldGen       total 39424K, used 0K [0x00000000c0000000, 0x00000000c2680000, 0x00000000eaa80000)
  object space 39424K, 0% used [0x00000000c0000000,0x00000000c0000000,0x00000000c2680000)
 PSPermGen       total 21504K, used 5365K [0x00000000bae00000, 0x00000000bc300000, 0x00000000c0000000)
  object space 21504K, 24% used [0x00000000bae00000,0x00000000bb33d748,0x00000000bc300000)
Event: 9.346 GC heap after
Heap after GC invocations=1 (full 0):
 PSYoungGen      total 17920K, used 2044K [0x00000000eaa80000, 0x00000000ebe00000, 0x0000000100000000)
  eden space 15872K, 0% used [0x00000000eaa80000,0x00000000eaa80000,0x00000000eba00000)
  from space 2048K, 99% used [0x00000000eba00000,0x00000000ebbff0d0,0x00000000ebc00000)
  to   space 2048K, 0% used [0x00000000ebc00000,0x00000000ebc00000,0x00000000ebe00000)
 ParOldGen       total 39424K, used 1732K [0x00000000c0000000, 0x00000000c2680000, 0x00000000eaa80000)
  object space 39424K, 4% used [0x00000000c0000000,0x00000000c01b12e0,0x00000000c2680000)
 PSPermGen       total 21504K, used 5365K [0x00000000bae00000, 0x00000000bc300000, 0x00000000c0000000)
  object space 21504K, 24% used [0x00000000bae00000,0x00000000bb33d748,0x00000000bc300000)
}
Event: 17.466 GC heap before
{Heap before GC invocations=2 (full 0):
 PSYoungGen      total 17920K, used 17916K [0x00000000eaa80000, 0x00000000ebe00000, 0x0000000100000000)
  eden space 15872K, 100% used [0x00000000eaa80000,0x00000000eba00000,0x00000000eba00000)
  from space 2048K, 99% used [0x00000000eba00000,0x00000000ebbff0d0,0x00000000ebc00000)
  to   space 2048K, 0% used [0x00000000ebc00000,0x00000000ebc00000,0x00000000ebe00000)
 ParOldGen       total 39424K, used 1732K [0x00000000c0000000, 0x00000000c2680000, 0x00000000eaa80000)
  object space 39424K, 4% used [0x00000000c0000000,0x00000000c01b12e0,0x00000000c2680000)
 PSPermGen       total 21504K, used 5535K [0x00000000bae00000, 0x00000000bc300000, 0x00000000c0000000)
  object space 21504K, 25% used [0x00000000bae00000,0x00000000bb367f98,0x00000000bc300000)
Event: 17.511 GC heap after
Heap after GC invocations=2 (full 0):
 PSYoungGen      total 17920K, used 2032K [0x00000000eaa80000, 0x00000000ebe00000, 0x0000000100000000)
  eden space 15872K, 0% used [0x00000000eaa80000,0x00000000eaa80000,0x00000000eba00000)
  from space 2048K, 99% used [0x00000000ebc00000,0x00000000ebdfc038,0x00000000ebe00000)
  to   space 2048K, 0% used [0x00000000eba00000,0x00000000eba00000,0x00000000ebc00000)
 ParOldGen       total 39424K, used 4174K [0x00000000c0000000, 0x00000000c2680000, 0x00000000eaa80000)
  object space 39424K, 10% used [0x00000000c0000000,0x00000000c0413a48,0x00000000c2680000)
 PSPermGen       total 21504K, used 5535K [0x00000000bae00000, 0x00000000bc300000, 0x00000000c0000000)
  object space 21504K, 25% used [0x00000000bae00000,0x00000000bb367f98,0x00000000bc300000)
}

Deoptimization events (10 events):
Event: 7.896 Thread 0x000000000017e800 Uncommon trap: reason=bimorphic action=maybe_recompile pc=0x00000000026d6f60 method=com.android.dx.rop.code.RegisterSpec.getCategory()I @ 4
Event: 7.896 Thread 0x000000000017e800 Uncommon trap: reason=bimorphic action=maybe_recompile pc=0x00000000026d6f60 method=com.android.dx.rop.code.RegisterSpec.getCategory()I @ 4
Event: 7.902 Thread 0x000000000017e800 Uncommon trap: reason=bimorphic action=maybe_recompile pc=0x00000000026eeabc method=com.android.dx.rop.code.RegisterSpec.equals(ILcom/android/dx/rop/type/TypeBearer;Lcom/android/dx/rop/code/LocalItem;)Z @ 13
Event: 7.979 Thread 0x000000000017e800 Uncommon trap: reason=bimorphic action=maybe_recompile pc=0x00000000026d6f60 method=com.android.dx.rop.code.RegisterSpec.getCategory()I @ 4
Event: 7.982 Thread 0x000000000017e800 Uncommon trap: reason=bimorphic action=maybe_recompile pc=0x00000000026eeabc method=com.android.dx.rop.code.RegisterSpec.equals(ILcom/android/dx/rop/type/TypeBearer;Lcom/android/dx/rop/code/LocalItem;)Z @ 13
Event: 7.983 Thread 0x000000000017e800 Uncommon trap: reason=bimorphic action=maybe_recompile pc=0x00000000026eeabc method=com.android.dx.rop.code.RegisterSpec.equals(ILcom/android/dx/rop/type/TypeBearer;Lcom/android/dx/rop/code/LocalItem;)Z @ 13
Event: 11.912 Thread 0x000000000017e800 Uncommon trap: reason=null_check action=make_not_entrant pc=0x000000000270d340 method=com.android.dx.rop.type.Type.equals(Ljava/lang/Object;)Z @ 8
Event: 14.985 Thread 0x000000000017e800 Uncommon trap: reason=null_check action=make_not_entrant pc=0x00000000026df0c0 method=com.android.dx.ssa.SsaRenamer.getLocalForNewReg(I)Lcom/android/dx/rop/code/LocalItem; @ 19
Event: 16.148 Thread 0x000000000017e800 Uncommon trap: reason=unreached action=reinterpret pc=0x00000000027405d0 method=com.android.dx.rop.code.LocalVariableExtractor.processBlock(I)V @ 195
Event: 16.805 Thread 0x000000000017e800 Uncommon trap: reason=unreached action=reinterpret pc=0x00000000026f3784 method=com.android.dx.rop.cst.Constant.compareTo(Lcom/android/dx/rop/cst/Constant;)I @ 12

Internal exceptions (10 events):
Event: 9.116 Thread 0x000000000017e800 Threw 0x00000000eb955e50 at C:\re\jdk7u71\1605\hotspot\src\share\vm\prims\jvm.cpp:1281
Event: 9.569 Thread 0x000000000017e800 Threw 0x00000000eab6d250 at C:\re\jdk7u71\1605\hotspot\src\share\vm\prims\jvm.cpp:1281
Event: 11.884 Thread 0x000000000017e800 Threw 0x00000000eaeed5e8 at C:\re\jdk7u71\1605\hotspot\src\share\vm\prims\jvm.cpp:1281
Event: 11.912 Thread 0x000000000017e800 Implicit null exception at 0x000000000270d292 to 0x000000000270d331
Event: 14.985 Thread 0x000000000017e800 Implicit null exception at 0x00000000026de89f to 0x00000000026df0a5
Event: 17.609 Thread 0x000000000017e800 Threw 0x00000000eab61b30 at C:\re\jdk7u71\1605\hotspot\src\share\vm\prims\jvm.cpp:1281
Event: 17.612 Thread 0x000000000017e800 Threw 0x00000000eab64058 at C:\re\jdk7u71\1605\hotspot\src\share\vm\prims\jvm.cpp:1281
Event: 17.619 Thread 0x000000000017e800 Threw 0x00000000eab8ad50 at C:\re\jdk7u71\1605\hotspot\src\share\vm\prims\jvm.cpp:1281
Event: 17.622 Thread 0x000000000017e800 Threw 0x00000000eab90578 at C:\re\jdk7u71\1605\hotspot\src\share\vm\prims\jvm.cpp:1281
Event: 17.624 Thread 0x000000000017e800 Threw 0x00000000eab95b28 at C:\re\jdk7u71\1605\hotspot\src\share\vm\prims\jvm.cpp:1281

Events (10 events):
Event: 17.609 loading class 0x00000000021b24a0
Event: 17.609 loading class 0x00000000021b24a0 done
Event: 17.610 loading class 0x0000000009bbcc00
Event: 17.610 loading class 0x0000000009bbcc00 done
Event: 17.619 loading class 0x0000000009bfa6e0
Event: 17.619 loading class 0x0000000009bfa6e0 done
Event: 17.622 loading class 0x0000000009c71740
Event: 17.622 loading class 0x0000000009c71740 done
Event: 17.624 loading class 0x0000000009c71700
Event: 17.624 loading class 0x0000000009c71700 done


Dynamic libraries:
0x000000013fd10000 - 0x000000013fd43000 	C:\Program Files\Java\jdk1.7.0_71\bin\java.exe
0x0000000077660000 - 0x0000000077809000 	C:\Windows\SYSTEM32\ntdll.dll
0x0000000077440000 - 0x0000000077560000 	C:\Windows\system32\kernel32.dll
0x000007fefd610000 - 0x000007fefd67c000 	C:\Windows\system32\KERNELBASE.dll
0x000007fefdc40000 - 0x000007fefdd1b000 	C:\Windows\system32\ADVAPI32.dll
0x000007feff2f0000 - 0x000007feff38f000 	C:\Windows\system32\msvcrt.dll
0x000007fefdf20000 - 0x000007fefdf3f000 	C:\Windows\SYSTEM32\sechost.dll
0x000007feff730000 - 0x000007feff85d000 	C:\Windows\system32\RPCRT4.dll
0x0000000077560000 - 0x000000007765a000 	C:\Windows\system32\USER32.dll
0x000007fefdf40000 - 0x000007fefdfa7000 	C:\Windows\system32\GDI32.dll
0x000007feff070000 - 0x000007feff07e000 	C:\Windows\system32\LPK.dll
0x000007fefdd20000 - 0x000007fefdde9000 	C:\Windows\system32\USP10.dll
0x000007fefbfe0000 - 0x000007fefc1d4000 	C:\Windows\WinSxS\amd64_microsoft.windows.common-controls_6595b64144ccf1df_6.0.7601.18837_none_fa3b1e3d17594757\COMCTL32.dll
0x000007fefede0000 - 0x000007fefee51000 	C:\Windows\system32\SHLWAPI.dll
0x000007feff570000 - 0x000007feff59e000 	C:\Windows\system32\IMM32.DLL
0x000007feff860000 - 0x000007feff969000 	C:\Windows\system32\MSCTF.dll
0x00000000500c0000 - 0x0000000050192000 	C:\Program Files\Java\jdk1.7.0_71\jre\bin\msvcr100.dll
0x000000006e560000 - 0x000000006ed33000 	C:\Program Files\Java\jdk1.7.0_71\jre\bin\server\jvm.dll
0x000007fef8e90000 - 0x000007fef8e99000 	C:\Windows\system32\WSOCK32.dll
0x000007fefdbf0000 - 0x000007fefdc3d000 	C:\Windows\system32\WS2_32.dll
0x000007feff600000 - 0x000007feff608000 	C:\Windows\system32\NSI.dll
0x000007fefaff0000 - 0x000007fefb02b000 	C:\Windows\system32\WINMM.dll
0x0000000077830000 - 0x0000000077837000 	C:\Windows\system32\PSAPI.DLL
0x000000005c420000 - 0x000000005c42f000 	C:\Program Files\Java\jdk1.7.0_71\jre\bin\verify.dll
0x000000005b260000 - 0x000000005b288000 	C:\Program Files\Java\jdk1.7.0_71\jre\bin\java.dll
0x000000005b2f0000 - 0x000000005b305000 	C:\Program Files\Java\jdk1.7.0_71\jre\bin\zip.dll
0x000000005b2d0000 - 0x000000005b2e9000 	C:\Program Files\Java\jdk1.7.0_71\jre\bin\net.dll
0x000007fefcd90000 - 0x000007fefcde5000 	C:\Windows\system32\mswsock.dll
0x000007fefcd80000 - 0x000007fefcd87000 	C:\Windows\System32\wship6.dll
0x000000005b240000 - 0x000000005b251000 	C:\Program Files\Java\jdk1.7.0_71\jre\bin\nio.dll

VM Arguments:
jvm_args: -Djava.awt.headless=true -Xmx1024M -Dfile.encoding=windows-1251 -Duser.country=RU -Duser.language=ru -Duser.variant 
java_command: com.android.dx.command.Main --dex --force-jumbo --multi-dex --output C:\Natallia\AndroidStudioProjects\MyFirstApp\app\build\intermediates\transforms\dex\debug\folders\1000\10\com.android.support-appcompat-v7-21.0.3_a413066e1225e32df87f69a38921062fb762912e C:\Natallia\AndroidStudioProjects\MyFirstApp\app\build\intermediates\exploded-aar\com.android.support\appcompat-v7\21.0.3\jars\classes.jar
Launcher Type: SUN_STANDARD

Environment Variables:
PATH=C:\ProgramData\Oracle\Java\javapath;C:\Program Files (x86)\AMD APP\bin\x86_64;C:\Program Files (x86)\AMD APP\bin\x86;C:\Windows\system32;C:\Windows;C:\Windows\System32\Wbem;C:\Windows\System32\WindowsPowerShell\v1.0\;C:\Program Files (x86)\ATI Technologies\ATI.ACE\Core-Static;C:\Program Files (x86)\Microsoft SQL Server\100\Tools\Binn\;C:\Program Files\Microsoft SQL Server\100\Tools\Binn\;C:\Program Files\Microsoft SQL Server\100\DTS\Binn\;C:\Program Files\Microsoft\Web Platform Installer\;C:\Program Files (x86)\Microsoft ASP.NET\ASP.NET Web Pages\v1.0\;C:\Program Files\Microsoft SQL Server\110\Tools\Binn\;C:\Windows\system32\config\systemprofile\.dnx\bin;C:\Program Files\Microsoft DNX\Dnvm\;C:\Program Files (x86)\Common Files\Acronis\SnapAPI\;C:\Program Files (x86)\Windows Kits\8.1\Windows Performance Toolkit\;C:\Program Files (x86)\Microsoft SDKs\TypeScript\1.0\;C:\Program Files\Microsoft SQL Server\120\Tools\Binn\;C:\Program Files\MATLAB\R2016a\runtime\win64;C:\Program Files\MATLAB\R2016a\bin;C:\Program Files\MATLAB\R2016a\polyspace\bin;C:\Program Files (x86)\Skype\Phone\;
USERNAME=ASUS
OS=Windows_NT
PROCESSOR_IDENTIFIER=AMD64 Family 20 Model 2 Stepping 0, AuthenticAMD



---------------  S Y S T E M  ---------------

OS: Windows 7 , 64 bit Build 7601 Service Pack 1

CPU:total 2 (2 cores per cpu, 1 threads per core) family 20 model 2 stepping 0, cmov, cx8, fxsr, mmx, sse, sse2, sse3, ssse3, popcnt, mmxext, lzcnt, sse4a, tsc, tscinvbit, tscinv

Memory: 4k page, physical 3779356k(828196k free), swap 4826096k(5084k free)

vm_info: Java HotSpot(TM) 64-Bit Server VM (24.71-b01) for windows-amd64 JRE (1.7.0_71-b14), built on Sep 26 2014 16:16:12 by "java_re" with unknown MS VC++:1600

time: Wed Jul 06 14:40:40 2016
elapsed time: 18 seconds

