#
# There is insufficient memory for the Java Runtime Environment to continue.
# Native memory allocation (malloc) failed to allocate 135696 bytes for Chunk::new
# Possible reasons:
#   The system is out of physical RAM or swap space
#   In 32 bit mode, the process size limit was hit
# Possible solutions:
#   Reduce memory load on the system
#   Increase physical memory or swap space
#   Check if swap backing store is full
#   Use 64 bit Java on a 64 bit OS
#   Decrease Java heap size (-Xmx/-Xms)
#   Decrease number of Java threads
#   Decrease Java thread stack sizes (-Xss)
#   Set larger code cache with -XX:ReservedCodeCacheSize=
# This output file may be truncated or incomplete.
#
#  Out of Memory Error (allocation.cpp:323), pid=6864, tid=7116
#
# JRE version: Java(TM) SE Runtime Environment (7.0_71-b14) (build 1.7.0_71-b14)
# Java VM: Java HotSpot(TM) 64-Bit Server VM (24.71-b01 mixed mode windows-amd64 compressed oops)
# Failed to write core dump. Minidumps are not enabled by default on client versions of Windows
#

---------------  T H R E A D  ---------------

Current thread (0x0000000008177000):  JavaThread "C2 CompilerThread0" daemon [_thread_in_native, id=7116, stack(0x00000000093f0000,0x00000000094f0000)]

Stack: [0x00000000093f0000,0x00000000094f0000]
[error occurred during error reporting (printing stack bounds), id 0xc0000005]


[error occurred during error reporting (printing native stack), id 0xc0000005]


Current CompileTask:
C2:  18561  232   !         com.android.dx.rop.type.Type::intern (319 bytes)


---------------  P R O C E S S  ---------------

Java Threads: ( => current thread )
  0x0000000008184800 JavaThread "Service Thread" daemon [_thread_blocked, id=5868, stack(0x0000000009730000,0x0000000009830000)]
  0x0000000008183000 JavaThread "C2 CompilerThread1" daemon [_thread_blocked, id=6168, stack(0x0000000009550000,0x0000000009650000)]
=>0x0000000008177000 JavaThread "C2 CompilerThread0" daemon [_thread_in_native, id=7116, stack(0x00000000093f0000,0x00000000094f0000)]
  0x0000000008175800 JavaThread "Attach Listener" daemon [_thread_blocked, id=6040, stack(0x0000000009210000,0x0000000009310000)]
  0x0000000008174800 JavaThread "Signal Dispatcher" daemon [_thread_blocked, id=6296, stack(0x0000000008b80000,0x0000000008c80000)]
  0x0000000008117000 JavaThread "Finalizer" daemon [_thread_blocked, id=7120, stack(0x0000000008f30000,0x0000000009030000)]
  0x0000000001dcf000 JavaThread "Reference Handler" daemon [_thread_blocked, id=4348, stack(0x0000000008de0000,0x0000000008ee0000)]
  0x0000000001e1e800 JavaThread "main" [_thread_in_vm, id=860, stack(0x00000000023b0000,0x00000000024b0000)]

Other Threads:
  0x0000000008112000 VMThread [stack: 0x0000000008c80000,0x0000000008d80000] [id=5968]
  0x000000000818e800 WatcherThread [stack: 0x0000000009090000,0x0000000009190000] [id=6664]

VM state:not at safepoint (normal execution)

VM Mutex/Monitor currently owned by a thread: None

Heap
 PSYoungGen      total 17920K, used 16826K [0x00000000eaa80000, 0x00000000ebe00000, 0x0000000100000000)
  eden space 15872K, 93% used [0x00000000eaa80000,0x00000000eb8f0c08,0x00000000eba00000)
  from space 2048K, 99% used [0x00000000eba00000,0x00000000ebbfdc78,0x00000000ebc00000)
  to   space 2048K, 0% used [0x00000000ebc00000,0x00000000ebc00000,0x00000000ebe00000)
 ParOldGen       total 39424K, used 1931K [0x00000000c0000000, 0x00000000c2680000, 0x00000000eaa80000)
  object space 39424K, 4% used [0x00000000c0000000,0x00000000c01e2ce0,0x00000000c2680000)
 PSPermGen       total 21504K, used 5548K [0x00000000bae00000, 0x00000000bc300000, 0x00000000c0000000)
  object space 21504K, 25% used [0x00000000bae00000,0x00000000bb36b148,0x00000000bc300000)

Card table byte_map: [0x00000000054b0000,0x00000000056e0000] byte_map_base: 0x0000000004ed9000

Polling page: 0x0000000000430000

Code Cache  [0x00000000024b0000, 0x0000000002720000, 0x00000000054b0000)
 total_blobs=464 nmethods=231 adapters=186 free_code_cache=48243Kb largest_free_block=49375360

Compilation events (10 events):
Event: 18.157 Thread 0x0000000008177000 nmethod 227 0x000000000258b090 code [0x000000000258b1c0, 0x000000000258b218]
Event: 18.196 Thread 0x0000000008183000  228             com.android.dx.rop.cst.CstBaseMethodRef::compareTo0 (29 bytes)
Event: 18.197 Thread 0x0000000008177000  229   !         com.android.dx.rop.cst.StdConstantPool::getOrNull (13 bytes)
Event: 18.200 Thread 0x0000000008177000 nmethod 229 0x000000000258ae10 code [0x000000000258af40, 0x000000000258afd8]
Event: 18.203 Thread 0x0000000008183000 nmethod 228 0x0000000002593390 code [0x0000000002593500, 0x00000000025937a8]
Event: 18.220 Thread 0x0000000008177000  230             com.android.dx.rop.cst.CstMemberRef::compareTo0 (49 bytes)
Event: 18.226 Thread 0x0000000008177000 nmethod 230 0x0000000002592c10 code [0x0000000002592d60, 0x0000000002592f98]
Event: 18.517 Thread 0x0000000008183000  231             java.util.Arrays::copyOfRange (63 bytes)
Event: 18.523 Thread 0x0000000008183000 nmethod 231 0x000000000258eb50 code [0x000000000258eca0, 0x000000000258ee98]
Event: 18.525 Thread 0x0000000008177000  232   !         com.android.dx.rop.type.Type::intern (319 bytes)

GC Heap History (2 events):
Event: 10.524 GC heap before
{Heap before GC invocations=1 (full 0):
 PSYoungGen      total 17920K, used 15872K [0x00000000eaa80000, 0x00000000ebe00000, 0x0000000100000000)
  eden space 15872K, 100% used [0x00000000eaa80000,0x00000000eba00000,0x00000000eba00000)
  from space 2048K, 0% used [0x00000000ebc00000,0x00000000ebc00000,0x00000000ebe00000)
  to   space 2048K, 0% used [0x00000000eba00000,0x00000000eba00000,0x00000000ebc00000)
 ParOldGen       total 39424K, used 0K [0x00000000c0000000, 0x00000000c2680000, 0x00000000eaa80000)
  object space 39424K, 0% used [0x00000000c0000000,0x00000000c0000000,0x00000000c2680000)
 PSPermGen       total 21504K, used 5346K [0x00000000bae00000, 0x00000000bc300000, 0x00000000c0000000)
  object space 21504K, 24% used [0x00000000bae00000,0x00000000bb3389b8,0x00000000bc300000)
Event: 10.541 GC heap after
Heap after GC invocations=1 (full 0):
 PSYoungGen      total 17920K, used 2039K [0x00000000eaa80000, 0x00000000ebe00000, 0x0000000100000000)
  eden space 15872K, 0% used [0x00000000eaa80000,0x00000000eaa80000,0x00000000eba00000)
  from space 2048K, 99% used [0x00000000eba00000,0x00000000ebbfdc78,0x00000000ebc00000)
  to   space 2048K, 0% used [0x00000000ebc00000,0x00000000ebc00000,0x00000000ebe00000)
 ParOldGen       total 39424K, used 1931K [0x00000000c0000000, 0x00000000c2680000, 0x00000000eaa80000)
  object space 39424K, 4% used [0x00000000c0000000,0x00000000c01e2ce0,0x00000000c2680000)
 PSPermGen       total 21504K, used 5346K [0x00000000bae00000, 0x00000000bc300000, 0x00000000c0000000)
  object space 21504K, 24% used [0x00000000bae00000,0x00000000bb3389b8,0x00000000bc300000)
}

Deoptimization events (10 events):
Event: 16.264 Thread 0x0000000001e1e800 Uncommon trap: reason=bimorphic action=maybe_recompile pc=0x000000000253c618 method=com.android.dx.ssa.NormalSsaInsn.accept(Lcom/android/dx/ssa/SsaInsn$Visitor;)V @ 9
Event: 16.264 Thread 0x0000000001e1e800 Uncommon trap: reason=bimorphic action=maybe_recompile pc=0x000000000253c618 method=com.android.dx.ssa.NormalSsaInsn.accept(Lcom/android/dx/ssa/SsaInsn$Visitor;)V @ 9
Event: 16.265 Thread 0x0000000001e1e800 Uncommon trap: reason=bimorphic action=maybe_recompile pc=0x000000000253c618 method=com.android.dx.ssa.NormalSsaInsn.accept(Lcom/android/dx/ssa/SsaInsn$Visitor;)V @ 9
Event: 16.265 Thread 0x0000000001e1e800 Uncommon trap: reason=bimorphic action=maybe_recompile pc=0x000000000253c618 method=com.android.dx.ssa.NormalSsaInsn.accept(Lcom/android/dx/ssa/SsaInsn$Visitor;)V @ 9
Event: 16.265 Thread 0x0000000001e1e800 Uncommon trap: reason=bimorphic action=maybe_recompile pc=0x00000000025263b8 method=com.android.dx.ssa.NormalSsaInsn.accept(Lcom/android/dx/ssa/SsaInsn$Visitor;)V @ 9
Event: 17.022 Thread 0x0000000001e1e800 Uncommon trap: reason=class_check action=maybe_recompile pc=0x000000000257e680 method=java.util.Collections$UnmodifiableCollection$1.next()Ljava/lang/Object; @ 4
Event: 17.022 Thread 0x0000000001e1e800 Uncommon trap: reason=class_check action=maybe_recompile pc=0x000000000257e680 method=java.util.Collections$UnmodifiableCollection$1.next()Ljava/lang/Object; @ 4
Event: 17.042 Thread 0x0000000001e1e800 Uncommon trap: reason=class_check action=maybe_recompile pc=0x000000000257e680 method=java.util.Collections$UnmodifiableCollection$1.next()Ljava/lang/Object; @ 4
Event: 17.042 Thread 0x0000000001e1e800 Uncommon trap: reason=class_check action=maybe_recompile pc=0x000000000257e680 method=java.util.Collections$UnmodifiableCollection$1.next()Ljava/lang/Object; @ 4
Event: 17.713 Thread 0x0000000001e1e800 Uncommon trap: reason=class_check action=maybe_recompile pc=0x0000000002558a40 method=com.android.dx.rop.type.Type.equals(Ljava/lang/Object;)Z @ 8

Internal exceptions (10 events):
Event: 10.250 Thread 0x0000000001e1e800 Threw 0x00000000eb97c4b0 at C:\re\jdk7u71\1605\hotspot\src\share\vm\prims\jvm.cpp:1281
Event: 10.252 Thread 0x0000000001e1e800 Threw 0x00000000eb982078 at C:\re\jdk7u71\1605\hotspot\src\share\vm\prims\jvm.cpp:1281
Event: 10.254 Thread 0x0000000001e1e800 Threw 0x00000000eb987628 at C:\re\jdk7u71\1605\hotspot\src\share\vm\prims\jvm.cpp:1281
Event: 12.882 Thread 0x0000000001e1e800 Threw 0x00000000eae53ab8 at C:\re\jdk7u71\1605\hotspot\src\share\vm\prims\jvm.cpp:1281
Event: 14.034 Thread 0x0000000001e1e800 Threw 0x00000000eafc24b8 at C:\re\jdk7u71\1605\hotspot\src\share\vm\prims\jvm.cpp:1281
Event: 17.582 Thread 0x0000000001e1e800 Threw 0x00000000eb69dc58 at C:\re\jdk7u71\1605\hotspot\src\share\vm\prims\jvm.cpp:1281
Event: 17.583 Thread 0x0000000001e1e800 Threw 0x00000000eb69fff0 at C:\re\jdk7u71\1605\hotspot\src\share\vm\prims\jvm.cpp:1281
Event: 17.584 Thread 0x0000000001e1e800 Threw 0x00000000eb6a22b0 at C:\re\jdk7u71\1605\hotspot\src\share\vm\prims\jvm.cpp:1281
Event: 17.590 Thread 0x0000000001e1e800 Threw 0x00000000eb6b1998 at C:\re\jdk7u71\1605\hotspot\src\share\vm\prims\jvm.cpp:1281
Event: 17.620 Thread 0x0000000001e1e800 Threw 0x00000000eb6bfbc0 at C:\re\jdk7u71\1605\hotspot\src\share\vm\prims\jvm.cpp:1281

Events (10 events):
Event: 17.584 loading class 0x0000000009a89c00 done
Event: 17.590 loading class 0x00000000099df8e0
Event: 17.590 loading class 0x00000000099df8e0 done
Event: 17.619 loading class 0x00000000099dc360
Event: 17.619 loading class 0x00000000099dc360 done
Event: 17.713 Thread 0x0000000001e1e800 Uncommon trap: trap_request=0xffffffde fr.pc=0x0000000002558a40
Event: 17.713 Thread 0x0000000001e1e800 DEOPT PACKING pc=0x0000000002558a40 sp=0x00000000024ae760
Event: 17.713 Thread 0x0000000001e1e800 DEOPT UNPACKING pc=0x00000000024e9064 sp=0x00000000024ae708 mode 2
Event: 17.723 loading class 0x0000000001d695e0
Event: 17.724 loading class 0x0000000001d695e0 done


Dynamic libraries:
0x000000013fd10000 - 0x000000013fd43000 	C:\Program Files\Java\jdk1.7.0_71\bin\java.exe
0x0000000077660000 - 0x0000000077809000 	C:\Windows\SYSTEM32\ntdll.dll
0x0000000077440000 - 0x0000000077560000 	C:\Windows\system32\kernel32.dll
0x000007fefd610000 - 0x000007fefd67c000 	C:\Windows\system32\KERNELBASE.dll
0x000007fefdc40000 - 0x000007fefdd1b000 	C:\Windows\system32\ADVAPI32.dll
0x000007feff2f0000 - 0x000007feff38f000 	C:\Windows\system32\msvcrt.dll
0x000007fefdf20000 - 0x000007fefdf3f000 	C:\Windows\SYSTEM32\sechost.dll
0x000007feff730000 - 0x000007feff85d000 	C:\Windows\system32\RPCRT4.dll
0x0000000077560000 - 0x000000007765a000 	C:\Windows\system32\USER32.dll
0x000007fefdf40000 - 0x000007fefdfa7000 	C:\Windows\system32\GDI32.dll
0x000007feff070000 - 0x000007feff07e000 	C:\Windows\system32\LPK.dll
0x000007fefdd20000 - 0x000007fefdde9000 	C:\Windows\system32\USP10.dll
0x000007fefbfe0000 - 0x000007fefc1d4000 	C:\Windows\WinSxS\amd64_microsoft.windows.common-controls_6595b64144ccf1df_6.0.7601.18837_none_fa3b1e3d17594757\COMCTL32.dll
0x000007fefede0000 - 0x000007fefee51000 	C:\Windows\system32\SHLWAPI.dll
0x000007feff570000 - 0x000007feff59e000 	C:\Windows\system32\IMM32.DLL
0x000007feff860000 - 0x000007feff969000 	C:\Windows\system32\MSCTF.dll
0x00000000500c0000 - 0x0000000050192000 	C:\Program Files\Java\jdk1.7.0_71\jre\bin\msvcr100.dll
0x000000006e560000 - 0x000000006ed33000 	C:\Program Files\Java\jdk1.7.0_71\jre\bin\server\jvm.dll
0x000007fef8e90000 - 0x000007fef8e99000 	C:\Windows\system32\WSOCK32.dll
0x000007fefdbf0000 - 0x000007fefdc3d000 	C:\Windows\system32\WS2_32.dll
0x000007feff600000 - 0x000007feff608000 	C:\Windows\system32\NSI.dll
0x000007fefaff0000 - 0x000007fefb02b000 	C:\Windows\system32\WINMM.dll
0x0000000077830000 - 0x0000000077837000 	C:\Windows\system32\PSAPI.DLL
0x000000005c420000 - 0x000000005c42f000 	C:\Program Files\Java\jdk1.7.0_71\jre\bin\verify.dll
0x000000005b260000 - 0x000000005b288000 	C:\Program Files\Java\jdk1.7.0_71\jre\bin\java.dll
0x000000005b2f0000 - 0x000000005b305000 	C:\Program Files\Java\jdk1.7.0_71\jre\bin\zip.dll
0x000000005b2d0000 - 0x000000005b2e9000 	C:\Program Files\Java\jdk1.7.0_71\jre\bin\net.dll
0x000007fefcd90000 - 0x000007fefcde5000 	C:\Windows\system32\mswsock.dll
0x000007fefcd80000 - 0x000007fefcd87000 	C:\Windows\System32\wship6.dll
0x000000005b240000 - 0x000000005b251000 	C:\Program Files\Java\jdk1.7.0_71\jre\bin\nio.dll

VM Arguments:
jvm_args: -Djava.awt.headless=true -Xmx1024M -Dfile.encoding=windows-1251 -Duser.country=RU -Duser.language=ru -Duser.variant 
java_command: com.android.dx.command.Main --dex --force-jumbo --multi-dex --output C:\Natallia\AndroidStudioProjects\MyFirstApp\app\build\intermediates\transforms\dex\debug\folders\1000\10\com.android.support-support-v4-21.0.3_be5a3a4423ccd61f4ab23062fa7bddcc8fef626e C:\Natallia\AndroidStudioProjects\MyFirstApp\app\build\intermediates\exploded-aar\com.android.support\support-v4\21.0.3\jars\classes.jar
Launcher Type: SUN_STANDARD

Environment Variables:
PATH=C:\ProgramData\Oracle\Java\javapath;C:\Program Files (x86)\AMD APP\bin\x86_64;C:\Program Files (x86)\AMD APP\bin\x86;C:\Windows\system32;C:\Windows;C:\Windows\System32\Wbem;C:\Windows\System32\WindowsPowerShell\v1.0\;C:\Program Files (x86)\ATI Technologies\ATI.ACE\Core-Static;C:\Program Files (x86)\Microsoft SQL Server\100\Tools\Binn\;C:\Program Files\Microsoft SQL Server\100\Tools\Binn\;C:\Program Files\Microsoft SQL Server\100\DTS\Binn\;C:\Program Files\Microsoft\Web Platform Installer\;C:\Program Files (x86)\Microsoft ASP.NET\ASP.NET Web Pages\v1.0\;C:\Program Files\Microsoft SQL Server\110\Tools\Binn\;C:\Windows\system32\config\systemprofile\.dnx\bin;C:\Program Files\Microsoft DNX\Dnvm\;C:\Program Files (x86)\Common Files\Acronis\SnapAPI\;C:\Program Files (x86)\Windows Kits\8.1\Windows Performance Toolkit\;C:\Program Files (x86)\Microsoft SDKs\TypeScript\1.0\;C:\Program Files\Microsoft SQL Server\120\Tools\Binn\;C:\Program Files\MATLAB\R2016a\runtime\win64;C:\Program Files\MATLAB\R2016a\bin;C:\Program Files\MATLAB\R2016a\polyspace\bin;C:\Program Files (x86)\Skype\Phone\;
USERNAME=ASUS
OS=Windows_NT
PROCESSOR_IDENTIFIER=AMD64 Family 20 Model 2 Stepping 0, AuthenticAMD



---------------  S Y S T E M  ---------------

OS: Windows 7 , 64 bit Build 7601 Service Pack 1

CPU:total 2 (2 cores per cpu, 1 threads per core) family 20 model 2 stepping 0, cmov, cx8, fxsr, mmx, sse, sse2, sse3, ssse3, popcnt, mmxext, lzcnt, sse4a, tsc, tscinvbit, tscinv

Memory: 4k page, physical 3779356k(828076k free), swap 4826096k(5116k free)

vm_info: Java HotSpot(TM) 64-Bit Server VM (24.71-b01) for windows-amd64 JRE (1.7.0_71-b14), built on Sep 26 2014 16:16:12 by "java_re" with unknown MS VC++:1600

time: Wed Jul 06 14:40:40 2016
elapsed time: 18 seconds

