#
# There is insufficient memory for the Java Runtime Environment to continue.
# Native memory allocation (malloc) failed to allocate 506512 bytes for Chunk::new
# Possible reasons:
#   The system is out of physical RAM or swap space
#   In 32 bit mode, the process size limit was hit
# Possible solutions:
#   Reduce memory load on the system
#   Increase physical memory or swap space
#   Check if swap backing store is full
#   Use 64 bit Java on a 64 bit OS
#   Decrease Java heap size (-Xmx/-Xms)
#   Decrease number of Java threads
#   Decrease Java thread stack sizes (-Xss)
#   Set larger code cache with -XX:ReservedCodeCacheSize=
# This output file may be truncated or incomplete.
#
#  Out of Memory Error (allocation.cpp:323), pid=6868, tid=7072
#
# JRE version: Java(TM) SE Runtime Environment (7.0_71-b14) (build 1.7.0_71-b14)
# Java VM: Java HotSpot(TM) 64-Bit Server VM (24.71-b01 mixed mode windows-amd64 compressed oops)
# Failed to write core dump. Minidumps are not enabled by default on client versions of Windows
#

---------------  T H R E A D  ---------------

Current thread (0x000000000821f800):  JavaThread "C2 CompilerThread0" daemon [_thread_in_native, id=7072, stack(0x0000000009410000,0x0000000009510000)]

Stack: [0x0000000009410000,0x0000000009510000]
[error occurred during error reporting (printing stack bounds), id 0xc0000005]


Current CompileTask:
C2:  43999  548   !         com.android.dx.cf.code.BytecodeArray::parseInstruction (2764 bytes)


---------------  P R O C E S S  ---------------

Java Threads: ( => current thread )
  0x0000000008231800 JavaThread "Service Thread" daemon [_thread_blocked, id=1436, stack(0x0000000009820000,0x0000000009920000)]
  0x000000000822e000 JavaThread "C2 CompilerThread1" daemon [_thread_blocked, id=5740, stack(0x0000000009690000,0x0000000009790000)]
=>0x000000000821f800 JavaThread "C2 CompilerThread0" daemon [_thread_in_native, id=7072, stack(0x0000000009410000,0x0000000009510000)]
  0x000000000821e000 JavaThread "Attach Listener" daemon [_thread_blocked, id=2544, stack(0x00000000091b0000,0x00000000092b0000)]
  0x000000000821c800 JavaThread "Signal Dispatcher" daemon [_thread_blocked, id=5948, stack(0x0000000009030000,0x0000000009130000)]
  0x00000000022ef000 JavaThread "Finalizer" daemon [_thread_blocked, id=6004, stack(0x0000000008d10000,0x0000000008e10000)]
  0x00000000022ed000 JavaThread "Reference Handler" daemon [_thread_blocked, id=5036, stack(0x0000000008f20000,0x0000000009020000)]
  0x000000000232e800 JavaThread "main" [_thread_in_Java, id=5136, stack(0x0000000002490000,0x0000000002590000)]

Other Threads:
  0x00000000081c2000 VMThread [stack: 0x0000000008e20000,0x0000000008f20000] [id=5744]
  0x000000000823b800 WatcherThread [stack: 0x0000000009570000,0x0000000009670000] [id=6568]

VM state:not at safepoint (normal execution)

VM Mutex/Monitor currently owned by a thread: None

Heap
 PSYoungGen      total 65536K, used 34419K [0x00000000eaa80000, 0x00000000eec80000, 0x0000000100000000)
  eden space 63488K, 54% used [0x00000000eaa80000,0x00000000ecc1cd18,0x00000000ee880000)
  from space 2048K, 0% used [0x00000000eea80000,0x00000000eea80000,0x00000000eec80000)
  to   space 2048K, 0% used [0x00000000ee880000,0x00000000ee880000,0x00000000eea80000)
 ParOldGen       total 71680K, used 32784K [0x00000000c0000000, 0x00000000c4600000, 0x00000000eaa80000)
  object space 71680K, 45% used [0x00000000c0000000,0x00000000c20043c8,0x00000000c4600000)
 PSPermGen       total 21504K, used 5721K [0x00000000bae00000, 0x00000000bc300000, 0x00000000c0000000)
  object space 21504K, 26% used [0x00000000bae00000,0x00000000bb396748,0x00000000bc300000)

Card table byte_map: [0x0000000005590000,0x00000000057c0000] byte_map_base: 0x0000000004fb9000

Polling page: 0x0000000000230000

Code Cache  [0x0000000002590000, 0x0000000002800000, 0x0000000005590000)
 total_blobs=761 nmethods=528 adapters=186 free_code_cache=47041Kb largest_free_block=48060928

Compilation events (10 events):
Event: 43.428 Thread 0x000000000821f800  544             com.android.dx.dex.file.Section::throwIfPrepared (18 bytes)
Event: 43.429 Thread 0x000000000821f800 nmethod 544 0x000000000269f4d0 code [0x000000000269f600, 0x000000000269f658]
Event: 43.435 Thread 0x000000000821f800  545             com.android.dx.util.ByteArray::size (5 bytes)
Event: 43.436 Thread 0x000000000821f800 nmethod 545 0x000000000269f2d0 code [0x000000000269f400, 0x000000000269f458]
Event: 43.581 Thread 0x000000000822e000 nmethod 543 0x00000000027b6310 code [0x00000000027b65c0, 0x00000000027b7e18]
Event: 43.589 Thread 0x000000000821f800  546             com.android.dx.ssa.MoveParamCombiner$1::visitPhiInsn (1 bytes)
Event: 43.590 Thread 0x000000000821f800 nmethod 546 0x0000000002749d50 code [0x0000000002749e80, 0x0000000002749ed8]
Event: 43.735 Thread 0x000000000822e000  547             com.android.dx.util.Bits::isEmpty (26 bytes)
Event: 43.739 Thread 0x000000000822e000 nmethod 547 0x0000000002749ad0 code [0x0000000002749c00, 0x0000000002749c98]
Event: 43.822 Thread 0x000000000821f800  548   !         com.android.dx.cf.code.BytecodeArray::parseInstruction (2764 bytes)

GC Heap History (10 events):
Event: 22.654 GC heap before
{Heap before GC invocations=3 (full 0):
 PSYoungGen      total 33792K, used 33768K [0x00000000eaa80000, 0x00000000ecd80000, 0x0000000100000000)
  eden space 31744K, 100% used [0x00000000eaa80000,0x00000000ec980000,0x00000000ec980000)
  from space 2048K, 98% used [0x00000000ecb80000,0x00000000ecd7a2e0,0x00000000ecd80000)
  to   space 2048K, 0% used [0x00000000ec980000,0x00000000ec980000,0x00000000ecb80000)
 ParOldGen       total 39424K, used 4186K [0x00000000c0000000, 0x00000000c2680000, 0x00000000eaa80000)
  object space 39424K, 10% used [0x00000000c0000000,0x00000000c0416b10,0x00000000c2680000)
 PSPermGen       total 21504K, used 5620K [0x00000000bae00000, 0x00000000bc300000, 0x00000000c0000000)
  object space 21504K, 26% used [0x00000000bae00000,0x00000000bb37d398,0x00000000bc300000)
Event: 22.992 GC heap after
Heap after GC invocations=3 (full 0):
 PSYoungGen      total 33792K, used 2040K [0x00000000eaa80000, 0x00000000eec80000, 0x0000000100000000)
  eden space 31744K, 0% used [0x00000000eaa80000,0x00000000eaa80000,0x00000000ec980000)
  from space 2048K, 99% used [0x00000000ec980000,0x00000000ecb7e0c0,0x00000000ecb80000)
  to   space 2048K, 0% used [0x00000000eea80000,0x00000000eea80000,0x00000000eec80000)
 ParOldGen       total 39424K, used 8858K [0x00000000c0000000, 0x00000000c2680000, 0x00000000eaa80000)
  object space 39424K, 22% used [0x00000000c0000000,0x00000000c08a6b48,0x00000000c2680000)
 PSPermGen       total 21504K, used 5620K [0x00000000bae00000, 0x00000000bc300000, 0x00000000c0000000)
  object space 21504K, 26% used [0x00000000bae00000,0x00000000bb37d398,0x00000000bc300000)
}
Event: 27.028 GC heap before
{Heap before GC invocations=4 (full 0):
 PSYoungGen      total 33792K, used 33784K [0x00000000eaa80000, 0x00000000eec80000, 0x0000000100000000)
  eden space 31744K, 100% used [0x00000000eaa80000,0x00000000ec980000,0x00000000ec980000)
  from space 2048K, 99% used [0x00000000ec980000,0x00000000ecb7e0c0,0x00000000ecb80000)
  to   space 2048K, 0% used [0x00000000eea80000,0x00000000eea80000,0x00000000eec80000)
 ParOldGen       total 39424K, used 8858K [0x00000000c0000000, 0x00000000c2680000, 0x00000000eaa80000)
  object space 39424K, 22% used [0x00000000c0000000,0x00000000c08a6b48,0x00000000c2680000)
 PSPermGen       total 21504K, used 5646K [0x00000000bae00000, 0x00000000bc300000, 0x00000000c0000000)
  object space 21504K, 26% used [0x00000000bae00000,0x00000000bb383ba0,0x00000000bc300000)
Event: 27.202 GC heap after
Heap after GC invocations=4 (full 0):
 PSYoungGen      total 65536K, used 2036K [0x00000000eaa80000, 0x00000000eec80000, 0x0000000100000000)
  eden space 63488K, 0% used [0x00000000eaa80000,0x00000000eaa80000,0x00000000ee880000)
  from space 2048K, 99% used [0x00000000eea80000,0x00000000eec7d050,0x00000000eec80000)
  to   space 2048K, 0% used [0x00000000ee880000,0x00000000ee880000,0x00000000eea80000)
 ParOldGen       total 39424K, used 13868K [0x00000000c0000000, 0x00000000c2680000, 0x00000000eaa80000)
  object space 39424K, 35% used [0x00000000c0000000,0x00000000c0d8b280,0x00000000c2680000)
 PSPermGen       total 21504K, used 5646K [0x00000000bae00000, 0x00000000bc300000, 0x00000000c0000000)
  object space 21504K, 26% used [0x00000000bae00000,0x00000000bb383ba0,0x00000000bc300000)
}
Event: 33.897 GC heap before
{Heap before GC invocations=5 (full 0):
 PSYoungGen      total 65536K, used 65524K [0x00000000eaa80000, 0x00000000eec80000, 0x0000000100000000)
  eden space 63488K, 100% used [0x00000000eaa80000,0x00000000ee880000,0x00000000ee880000)
  from space 2048K, 99% used [0x00000000eea80000,0x00000000eec7d050,0x00000000eec80000)
  to   space 2048K, 0% used [0x00000000ee880000,0x00000000ee880000,0x00000000eea80000)
 ParOldGen       total 39424K, used 13868K [0x00000000c0000000, 0x00000000c2680000, 0x00000000eaa80000)
  object space 39424K, 35% used [0x00000000c0000000,0x00000000c0d8b280,0x00000000c2680000)
 PSPermGen       total 21504K, used 5693K [0x00000000bae00000, 0x00000000bc300000, 0x00000000c0000000)
  object space 21504K, 26% used [0x00000000bae00000,0x00000000bb38f740,0x00000000bc300000)
Event: 34.320 GC heap after
Heap after GC invocations=5 (full 0):
 PSYoungGen      total 65536K, used 2029K [0x00000000eaa80000, 0x00000000eec80000, 0x0000000100000000)
  eden space 63488K, 0% used [0x00000000eaa80000,0x00000000eaa80000,0x00000000ee880000)
  from space 2048K, 99% used [0x00000000ee880000,0x00000000eea7b448,0x00000000eea80000)
  to   space 2048K, 0% used [0x00000000eea80000,0x00000000eea80000,0x00000000eec80000)
 ParOldGen       total 39424K, used 24828K [0x00000000c0000000, 0x00000000c2680000, 0x00000000eaa80000)
  object space 39424K, 62% used [0x00000000c0000000,0x00000000c183f2e0,0x00000000c2680000)
 PSPermGen       total 21504K, used 5693K [0x00000000bae00000, 0x00000000bc300000, 0x00000000c0000000)
  object space 21504K, 26% used [0x00000000bae00000,0x00000000bb38f740,0x00000000bc300000)
}
Event: 37.887 GC heap before
{Heap before GC invocations=6 (full 0):
 PSYoungGen      total 65536K, used 65517K [0x00000000eaa80000, 0x00000000eec80000, 0x0000000100000000)
  eden space 63488K, 100% used [0x00000000eaa80000,0x00000000ee880000,0x00000000ee880000)
  from space 2048K, 99% used [0x00000000ee880000,0x00000000eea7b448,0x00000000eea80000)
  to   space 2048K, 0% used [0x00000000eea80000,0x00000000eea80000,0x00000000eec80000)
 ParOldGen       total 39424K, used 24828K [0x00000000c0000000, 0x00000000c2680000, 0x00000000eaa80000)
  object space 39424K, 62% used [0x00000000c0000000,0x00000000c183f2e0,0x00000000c2680000)
 PSPermGen       total 21504K, used 5719K [0x00000000bae00000, 0x00000000bc300000, 0x00000000c0000000)
  object space 21504K, 26% used [0x00000000bae00000,0x00000000bb395ef8,0x00000000bc300000)
Event: 38.322 GC heap after
Heap after GC invocations=6 (full 0):
 PSYoungGen      total 65536K, used 2027K [0x00000000eaa80000, 0x00000000eec80000, 0x0000000100000000)
  eden space 63488K, 0% used [0x00000000eaa80000,0x00000000eaa80000,0x00000000ee880000)
  from space 2048K, 99% used [0x00000000eea80000,0x00000000eec7afd8,0x00000000eec80000)
  to   space 2048K, 0% used [0x00000000ee880000,0x00000000ee880000,0x00000000eea80000)
 ParOldGen       total 39424K, used 34894K [0x00000000c0000000, 0x00000000c2680000, 0x00000000eaa80000)
  object space 39424K, 88% used [0x00000000c0000000,0x00000000c2213bf0,0x00000000c2680000)
 PSPermGen       total 21504K, used 5719K [0x00000000bae00000, 0x00000000bc300000, 0x00000000c0000000)
  object space 21504K, 26% used [0x00000000bae00000,0x00000000bb395ef8,0x00000000bc300000)
}
Event: 38.322 GC heap before
{Heap before GC invocations=7 (full 1):
 PSYoungGen      total 65536K, used 2027K [0x00000000eaa80000, 0x00000000eec80000, 0x0000000100000000)
  eden space 63488K, 0% used [0x00000000eaa80000,0x00000000eaa80000,0x00000000ee880000)
  from space 2048K, 99% used [0x00000000eea80000,0x00000000eec7afd8,0x00000000eec80000)
  to   space 2048K, 0% used [0x00000000ee880000,0x00000000ee880000,0x00000000eea80000)
 ParOldGen       total 39424K, used 34894K [0x00000000c0000000, 0x00000000c2680000, 0x00000000eaa80000)
  object space 39424K, 88% used [0x00000000c0000000,0x00000000c2213bf0,0x00000000c2680000)
 PSPermGen       total 21504K, used 5719K [0x00000000bae00000, 0x00000000bc300000, 0x00000000c0000000)
  object space 21504K, 26% used [0x00000000bae00000,0x00000000bb395ef8,0x00000000bc300000)
Event: 42.099 GC heap after
Heap after GC invocations=7 (full 1):
 PSYoungGen      total 65536K, used 0K [0x00000000eaa80000, 0x00000000eec80000, 0x0000000100000000)
  eden space 63488K, 0% used [0x00000000eaa80000,0x00000000eaa80000,0x00000000ee880000)
  from space 2048K, 0% used [0x00000000eea80000,0x00000000eea80000,0x00000000eec80000)
  to   space 2048K, 0% used [0x00000000ee880000,0x00000000ee880000,0x00000000eea80000)
 ParOldGen       total 71680K, used 32784K [0x00000000c0000000, 0x00000000c4600000, 0x00000000eaa80000)
  object space 71680K, 45% used [0x00000000c0000000,0x00000000c20043c8,0x00000000c4600000)
 PSPermGen       total 21504K, used 5715K [0x00000000bae00000, 0x00000000bc300000, 0x00000000c0000000)
  object space 21504K, 26% used [0x00000000bae00000,0x00000000bb394c80,0x00000000bc300000)
}

Deoptimization events (10 events):
Event: 31.997 Thread 0x000000000232e800 Uncommon trap: reason=bimorphic action=maybe_recompile pc=0x00000000026aa2a0 method=com.android.dx.cf.code.BytecodeArray.parseInstruction(ILcom/android/dx/cf/code/BytecodeArray$Visitor;)I @ 971
Event: 31.997 Thread 0x000000000232e800 Uncommon trap: reason=bimorphic action=maybe_recompile pc=0x00000000026aa320 method=com.android.dx.cf.code.BytecodeArray.parseInstruction(ILcom/android/dx/cf/code/BytecodeArray$Visitor;)I @ 987
Event: 31.997 Thread 0x000000000232e800 Uncommon trap: reason=bimorphic action=maybe_recompile pc=0x00000000026aa2a0 method=com.android.dx.cf.code.BytecodeArray.parseInstruction(ILcom/android/dx/cf/code/BytecodeArray$Visitor;)I @ 971
Event: 31.997 Thread 0x000000000232e800 Uncommon trap: reason=bimorphic action=maybe_recompile pc=0x00000000026aa320 method=com.android.dx.cf.code.BytecodeArray.parseInstruction(ILcom/android/dx/cf/code/BytecodeArray$Visitor;)I @ 987
Event: 32.430 Thread 0x000000000232e800 Uncommon trap: reason=unreached action=reinterpret pc=0x0000000002744524 method=com.android.dx.cf.code.Merger.mergeLocals(Lcom/android/dx/cf/code/OneLocalsArray;Lcom/android/dx/cf/code/OneLocalsArray;)Lcom/android/dx/cf/code/OneLocalsArray; @ 2
Event: 33.006 Thread 0x000000000232e800 Uncommon trap: reason=class_check action=maybe_recompile pc=0x0000000002714110 method=com.android.dx.cf.code.RopperMachine.run(Lcom/android/dx/cf/code/Frame;II)V @ 310
Event: 33.006 Thread 0x000000000232e800 Uncommon trap: reason=class_check action=maybe_recompile pc=0x0000000002714110 method=com.android.dx.cf.code.RopperMachine.run(Lcom/android/dx/cf/code/Frame;II)V @ 310
Event: 35.005 Thread 0x000000000232e800 Uncommon trap: reason=unloaded action=reinterpret pc=0x0000000002727370 method=com.android.dx.cf.cst.ConstantPoolParser.parse0(ILjava/util/BitSet;)Lcom/android/dx/rop/cst/Constant; @ 220
Event: 43.424 Thread 0x000000000232e800 Uncommon trap: reason=bimorphic action=maybe_recompile pc=0x0000000002790a14 method=com.android.dx.cf.code.BytecodeArray.parseInstruction(ILcom/android/dx/cf/code/BytecodeArray$Visitor;)I @ 1597
Event: 43.425 Thread 0x000000000232e800 Uncommon trap: reason=bimorphic action=maybe_recompile pc=0x0000000002790a14 method=com.android.dx.cf.code.BytecodeArray.parseInstruction(ILcom/android/dx/cf/code/BytecodeArray$Visitor;)I @ 1597

Internal exceptions (10 events):
Event: 17.379 Thread 0x000000000232e800 Threw 0x00000000eb424a00 at C:\re\jdk7u71\1605\hotspot\src\share\vm\prims\jvm.cpp:1281
Event: 19.726 Thread 0x000000000232e800 Threw 0x00000000ec008300 at C:\re\jdk7u71\1605\hotspot\src\share\vm\prims\jvm.cpp:1281
Event: 22.648 Thread 0x000000000232e800 Threw 0x00000000ec95de00 at C:\re\jdk7u71\1605\hotspot\src\share\vm\prims\jvm.cpp:1281
Event: 24.566 Thread 0x000000000232e800 Implicit null exception at 0x00000000026c6cbc to 0x00000000026c7451
Event: 25.092 Thread 0x000000000232e800 Threw 0x00000000ebd83110 at C:\re\jdk7u71\1605\hotspot\src\share\vm\prims\jvm.cpp:1281
Event: 27.892 Thread 0x000000000232e800 Implicit null exception at 0x000000000274fe68 to 0x0000000002751a25
Event: 29.570 Thread 0x000000000232e800 Implicit null exception at 0x000000000275bd94 to 0x000000000275cd1d
Event: 30.440 Thread 0x000000000232e800 Implicit null exception at 0x0000000002749964 to 0x000000000274a261
Event: 35.608 Thread 0x000000000232e800 Threw 0x00000000ec12d8e8 at C:\re\jdk7u71\1605\hotspot\src\share\vm\prims\jvm.cpp:1281
Event: 42.788 Thread 0x000000000232e800 Threw 0x00000000eb9420d0 at C:\re\jdk7u71\1605\hotspot\src\share\vm\prims\jvm.cpp:1281

Events (10 events):
Event: 42.787 loading class 0x0000000008268e70 done
Event: 43.424 Thread 0x000000000232e800 Uncommon trap: trap_request=0xffffffc6 fr.pc=0x0000000002790a14
Event: 43.424 Thread 0x000000000232e800 DEOPT PACKING pc=0x0000000002790a14 sp=0x000000000258ec70
Event: 43.424 Thread 0x000000000232e800 DEOPT UNPACKING pc=0x00000000025c9064 sp=0x000000000258ec10 mode 2
Event: 43.425 Thread 0x000000000232e800 Uncommon trap: trap_request=0xffffffc6 fr.pc=0x0000000002790a14
Event: 43.425 Thread 0x000000000232e800 DEOPT PACKING pc=0x0000000002790a14 sp=0x000000000258ecf0
Event: 43.425 Thread 0x000000000232e800 DEOPT UNPACKING pc=0x00000000025c9064 sp=0x000000000258ec90 mode 2
Event: 43.582 Thread 0x000000000822e000 flushing nmethod 0x0000000002749450
Event: 43.590 Thread 0x000000000821f800 flushing nmethod 0x000000000274dc90
Event: 43.590 Thread 0x000000000821f800 flushing nmethod 0x000000000275b150


Dynamic libraries:
0x000000013fd10000 - 0x000000013fd43000 	C:\Program Files\Java\jdk1.7.0_71\bin\java.exe
0x0000000077660000 - 0x0000000077809000 	C:\Windows\SYSTEM32\ntdll.dll
0x0000000077440000 - 0x0000000077560000 	C:\Windows\system32\kernel32.dll
0x000007fefd610000 - 0x000007fefd67c000 	C:\Windows\system32\KERNELBASE.dll
0x000007fefdc40000 - 0x000007fefdd1b000 	C:\Windows\system32\ADVAPI32.dll
0x000007feff2f0000 - 0x000007feff38f000 	C:\Windows\system32\msvcrt.dll
0x000007fefdf20000 - 0x000007fefdf3f000 	C:\Windows\SYSTEM32\sechost.dll
0x000007feff730000 - 0x000007feff85d000 	C:\Windows\system32\RPCRT4.dll
0x0000000077560000 - 0x000000007765a000 	C:\Windows\system32\USER32.dll
0x000007fefdf40000 - 0x000007fefdfa7000 	C:\Windows\system32\GDI32.dll
0x000007feff070000 - 0x000007feff07e000 	C:\Windows\system32\LPK.dll
0x000007fefdd20000 - 0x000007fefdde9000 	C:\Windows\system32\USP10.dll
0x000007fefbfe0000 - 0x000007fefc1d4000 	C:\Windows\WinSxS\amd64_microsoft.windows.common-controls_6595b64144ccf1df_6.0.7601.18837_none_fa3b1e3d17594757\COMCTL32.dll
0x000007fefede0000 - 0x000007fefee51000 	C:\Windows\system32\SHLWAPI.dll
0x000007feff570000 - 0x000007feff59e000 	C:\Windows\system32\IMM32.DLL
0x000007feff860000 - 0x000007feff969000 	C:\Windows\system32\MSCTF.dll
0x00000000500c0000 - 0x0000000050192000 	C:\Program Files\Java\jdk1.7.0_71\jre\bin\msvcr100.dll
0x000000006e560000 - 0x000000006ed33000 	C:\Program Files\Java\jdk1.7.0_71\jre\bin\server\jvm.dll
0x000007fef8e90000 - 0x000007fef8e99000 	C:\Windows\system32\WSOCK32.dll
0x000007fefdbf0000 - 0x000007fefdc3d000 	C:\Windows\system32\WS2_32.dll
0x000007feff600000 - 0x000007feff608000 	C:\Windows\system32\NSI.dll
0x000007fefaff0000 - 0x000007fefb02b000 	C:\Windows\system32\WINMM.dll
0x0000000077830000 - 0x0000000077837000 	C:\Windows\system32\PSAPI.DLL
0x000000005c420000 - 0x000000005c42f000 	C:\Program Files\Java\jdk1.7.0_71\jre\bin\verify.dll
0x000000005b260000 - 0x000000005b288000 	C:\Program Files\Java\jdk1.7.0_71\jre\bin\java.dll
0x000000005b2f0000 - 0x000000005b305000 	C:\Program Files\Java\jdk1.7.0_71\jre\bin\zip.dll
0x000000005b2d0000 - 0x000000005b2e9000 	C:\Program Files\Java\jdk1.7.0_71\jre\bin\net.dll
0x000007fefcd90000 - 0x000007fefcde5000 	C:\Windows\system32\mswsock.dll
0x000007fefcd80000 - 0x000007fefcd87000 	C:\Windows\System32\wship6.dll
0x000000005b240000 - 0x000000005b251000 	C:\Program Files\Java\jdk1.7.0_71\jre\bin\nio.dll

VM Arguments:
jvm_args: -Djava.awt.headless=true -Xmx1024M -Dfile.encoding=windows-1251 -Duser.country=RU -Duser.language=ru -Duser.variant 
java_command: com.android.dx.command.Main --dex --force-jumbo --multi-dex --output C:\Natallia\AndroidStudioProjects\MyFirstApp\app\build\intermediates\transforms\dex\debug\folders\1000\10\com.android.support-appcompat-v7-21.0.3_a413066e1225e32df87f69a38921062fb762912e C:\Natallia\AndroidStudioProjects\MyFirstApp\app\build\intermediates\exploded-aar\com.android.support\appcompat-v7\21.0.3\jars\classes.jar
Launcher Type: SUN_STANDARD

Environment Variables:
PATH=C:\ProgramData\Oracle\Java\javapath;C:\Program Files (x86)\AMD APP\bin\x86_64;C:\Program Files (x86)\AMD APP\bin\x86;C:\Windows\system32;C:\Windows;C:\Windows\System32\Wbem;C:\Windows\System32\WindowsPowerShell\v1.0\;C:\Program Files (x86)\ATI Technologies\ATI.ACE\Core-Static;C:\Program Files (x86)\Microsoft SQL Server\100\Tools\Binn\;C:\Program Files\Microsoft SQL Server\100\Tools\Binn\;C:\Program Files\Microsoft SQL Server\100\DTS\Binn\;C:\Program Files\Microsoft\Web Platform Installer\;C:\Program Files (x86)\Microsoft ASP.NET\ASP.NET Web Pages\v1.0\;C:\Program Files\Microsoft SQL Server\110\Tools\Binn\;C:\Windows\system32\config\systemprofile\.dnx\bin;C:\Program Files\Microsoft DNX\Dnvm\;C:\Program Files (x86)\Common Files\Acronis\SnapAPI\;C:\Program Files (x86)\Windows Kits\8.1\Windows Performance Toolkit\;C:\Program Files (x86)\Microsoft SDKs\TypeScript\1.0\;C:\Program Files\Microsoft SQL Server\120\Tools\Binn\;C:\Program Files\MATLAB\R2016a\runtime\win64;C:\Program Files\MATLAB\R2016a\bin;C:\Program Files\MATLAB\R2016a\polyspace\bin;C:\Program Files (x86)\Skype\Phone\;
USERNAME=ASUS
OS=Windows_NT
PROCESSOR_IDENTIFIER=AMD64 Family 20 Model 2 Stepping 0, AuthenticAMD



---------------  S Y S T E M  ---------------

OS: Windows 7 , 64 bit Build 7601 Service Pack 1

CPU:total 2 (2 cores per cpu, 1 threads per core) family 20 model 2 stepping 0, cmov, cx8, fxsr, mmx, sse, sse2, sse3, ssse3, popcnt, mmxext, lzcnt, sse4a, tsc, tscinvbit, tscinv

Memory: 4k page, physical 3779356k(826188k free), swap 4826096k(5288k free)

vm_info: Java HotSpot(TM) 64-Bit Server VM (24.71-b01) for windows-amd64 JRE (1.7.0_71-b14), built on Sep 26 2014 16:16:12 by "java_re" with unknown MS VC++:1600

time: Wed Jul 06 14:23:39 2016
elapsed time: 43 seconds

