#
# There is insufficient memory for the Java Runtime Environment to continue.
# Native memory allocation (malloc) failed to allocate 508416 bytes for Chunk::new
# Possible reasons:
#   The system is out of physical RAM or swap space
#   In 32 bit mode, the process size limit was hit
# Possible solutions:
#   Reduce memory load on the system
#   Increase physical memory or swap space
#   Check if swap backing store is full
#   Use 64 bit Java on a 64 bit OS
#   Decrease Java heap size (-Xmx/-Xms)
#   Decrease number of Java threads
#   Decrease Java thread stack sizes (-Xss)
#   Set larger code cache with -XX:ReservedCodeCacheSize=
# This output file may be truncated or incomplete.
#
#  Out of Memory Error (allocation.cpp:323), pid=796, tid=1176
#
# JRE version: Java(TM) SE Runtime Environment (7.0_71-b14) (build 1.7.0_71-b14)
# Java VM: Java HotSpot(TM) 64-Bit Server VM (24.71-b01 mixed mode windows-amd64 compressed oops)
# Failed to write core dump. Minidumps are not enabled by default on client versions of Windows
#

---------------  T H R E A D  ---------------

Current thread (0x00000000081df000):  JavaThread "C2 CompilerThread0" daemon [_thread_in_native, id=1176, stack(0x00000000094a0000,0x00000000095a0000)]

Stack: [0x00000000094a0000,0x00000000095a0000]
[error occurred during error reporting (printing stack bounds), id 0xc0000005]


[error occurred during error reporting (printing native stack), id 0xc0000005]


Current CompileTask:
C2:   7416  144             com.android.dx.ssa.SsaConverter::placePhiFunctions (394 bytes)


---------------  P R O C E S S  ---------------

Java Threads: ( => current thread )
  0x00000000081f4800 JavaThread "Service Thread" daemon [_thread_blocked, id=6660, stack(0x00000000096a0000,0x00000000097a0000)]
  0x00000000081ee000 JavaThread "C2 CompilerThread1" daemon [_thread_blocked, id=6176, stack(0x0000000009180000,0x0000000009280000)]
=>0x00000000081df000 JavaThread "C2 CompilerThread0" daemon [_thread_in_native, id=1176, stack(0x00000000094a0000,0x00000000095a0000)]
  0x00000000081de000 JavaThread "Attach Listener" daemon [_thread_blocked, id=5848, stack(0x0000000009350000,0x0000000009450000)]
  0x00000000081dc800 JavaThread "Signal Dispatcher" daemon [_thread_blocked, id=3732, stack(0x0000000008f10000,0x0000000009010000)]
  0x0000000008187000 JavaThread "Finalizer" daemon [_thread_blocked, id=4020, stack(0x0000000009060000,0x0000000009160000)]
  0x000000000225d000 JavaThread "Reference Handler" daemon [_thread_blocked, id=192, stack(0x0000000008de0000,0x0000000008ee0000)]
  0x000000000230e000 JavaThread "main" [_thread_in_vm, id=4260, stack(0x0000000002610000,0x0000000002710000)]

Other Threads:
  0x0000000008182800 VMThread [stack: 0x0000000008cb0000,0x0000000008db0000] [id=1616]
  0x00000000081fe800 WatcherThread [stack: 0x0000000009860000,0x0000000009960000] [id=4040]

VM state:not at safepoint (normal execution)

VM Mutex/Monitor currently owned by a thread: None

Heap
 PSYoungGen      total 17920K, used 3286K [0x00000000eaa80000, 0x00000000ebe00000, 0x0000000100000000)
  eden space 15872K, 8% used [0x00000000eaa80000,0x00000000eabbd850,0x00000000eba00000)
  from space 2048K, 98% used [0x00000000eba00000,0x00000000ebbf8018,0x00000000ebc00000)
  to   space 2048K, 0% used [0x00000000ebc00000,0x00000000ebc00000,0x00000000ebe00000)
 ParOldGen       total 39424K, used 2049K [0x00000000c0000000, 0x00000000c2680000, 0x00000000eaa80000)
  object space 39424K, 5% used [0x00000000c0000000,0x00000000c02006e8,0x00000000c2680000)
 PSPermGen       total 21504K, used 4973K [0x00000000bae00000, 0x00000000bc300000, 0x00000000c0000000)
  object space 21504K, 23% used [0x00000000bae00000,0x00000000bb2db768,0x00000000bc300000)

Card table byte_map: [0x0000000005710000,0x0000000005940000] byte_map_base: 0x0000000005139000

Polling page: 0x0000000000340000

Code Cache  [0x0000000002710000, 0x0000000002980000, 0x0000000005710000)
 total_blobs=351 nmethods=143 adapters=161 free_code_cache=48580Kb largest_free_block=49717504

Compilation events (10 events):
Event: 7.094 Thread 0x00000000081df000 nmethod 139 0x00000000027a0b50 code [0x00000000027a0c80, 0x00000000027a0cd8]
Event: 7.131 Thread 0x00000000081ee000  140             java.util.Collections$UnmodifiableCollection$1::hasNext (10 bytes)
Event: 7.133 Thread 0x00000000081df000  141             com.android.dx.rop.code.Insn::<init> (69 bytes)
Event: 7.134 Thread 0x00000000081ee000 nmethod 140 0x000000000279b650 code [0x000000000279b7a0, 0x000000000279b858]
Event: 7.137 Thread 0x00000000081df000 nmethod 141 0x000000000279b350 code [0x000000000279b480, 0x000000000279b578]
Event: 7.158 Thread 0x00000000081ee000  142             com.android.dx.rop.code.BasicBlockList$RegCountVisitor::visit (52 bytes)
Event: 7.158 Thread 0x00000000081df000  143             java.util.ArrayList::<init> (12 bytes)
Event: 7.160 Thread 0x00000000081df000 nmethod 143 0x000000000279b150 code [0x000000000279b280, 0x000000000279b2f8]
Event: 7.168 Thread 0x00000000081ee000 nmethod 142 0x000000000279a9d0 code [0x000000000279ab20, 0x000000000279ad78]
Event: 7.328 Thread 0x00000000081df000  144             com.android.dx.ssa.SsaConverter::placePhiFunctions (394 bytes)

GC Heap History (2 events):
Event: 7.107 GC heap before
{Heap before GC invocations=1 (full 0):
 PSYoungGen      total 17920K, used 15872K [0x00000000eaa80000, 0x00000000ebe00000, 0x0000000100000000)
  eden space 15872K, 100% used [0x00000000eaa80000,0x00000000eba00000,0x00000000eba00000)
  from space 2048K, 0% used [0x00000000ebc00000,0x00000000ebc00000,0x00000000ebe00000)
  to   space 2048K, 0% used [0x00000000eba00000,0x00000000eba00000,0x00000000ebc00000)
 ParOldGen       total 39424K, used 0K [0x00000000c0000000, 0x00000000c2680000, 0x00000000eaa80000)
  object space 39424K, 0% used [0x00000000c0000000,0x00000000c0000000,0x00000000c2680000)
 PSPermGen       total 21504K, used 4963K [0x00000000bae00000, 0x00000000bc300000, 0x00000000c0000000)
  object space 21504K, 23% used [0x00000000bae00000,0x00000000bb2d8c30,0x00000000bc300000)
Event: 7.124 GC heap after
Heap after GC invocations=1 (full 0):
 PSYoungGen      total 17920K, used 2016K [0x00000000eaa80000, 0x00000000ebe00000, 0x0000000100000000)
  eden space 15872K, 0% used [0x00000000eaa80000,0x00000000eaa80000,0x00000000eba00000)
  from space 2048K, 98% used [0x00000000eba00000,0x00000000ebbf8018,0x00000000ebc00000)
  to   space 2048K, 0% used [0x00000000ebc00000,0x00000000ebc00000,0x00000000ebe00000)
 ParOldGen       total 39424K, used 2049K [0x00000000c0000000, 0x00000000c2680000, 0x00000000eaa80000)
  object space 39424K, 5% used [0x00000000c0000000,0x00000000c02006e8,0x00000000c2680000)
 PSPermGen       total 21504K, used 4963K [0x00000000bae00000, 0x00000000bc300000, 0x00000000c0000000)
  object space 21504K, 23% used [0x00000000bae00000,0x00000000bb2d8c30,0x00000000bc300000)
}

Deoptimization events (0 events):
No events

Internal exceptions (10 events):
Event: 3.279 Thread 0x000000000230e000 Threw 0x00000000eb10ee08 at C:\re\jdk7u71\1605\hotspot\src\share\vm\prims\jvm.cpp:1281
Event: 3.281 Thread 0x000000000230e000 Threw 0x00000000eb1134d0 at C:\re\jdk7u71\1605\hotspot\src\share\vm\prims\jvm.cpp:1281
Event: 3.282 Thread 0x000000000230e000 Threw 0x00000000eb118dc0 at C:\re\jdk7u71\1605\hotspot\src\share\vm\prims\jvm.cpp:1281
Event: 3.287 Thread 0x000000000230e000 Threw 0x00000000eb121c68 at C:\re\jdk7u71\1605\hotspot\src\share\vm\prims\jvm.cpp:1281
Event: 3.288 Thread 0x000000000230e000 Threw 0x00000000eb127028 at C:\re\jdk7u71\1605\hotspot\src\share\vm\prims\jvm.cpp:1281
Event: 3.289 Thread 0x000000000230e000 Threw 0x00000000eb12a1f0 at C:\re\jdk7u71\1605\hotspot\src\share\vm\prims\jvm.cpp:1281
Event: 3.297 Thread 0x000000000230e000 Threw 0x00000000eb12d9b8 at C:\re\jdk7u71\1605\hotspot\src\share\vm\prims\jvm.cpp:1281
Event: 3.390 Thread 0x000000000230e000 Threw 0x00000000eb177bc8 at C:\re\jdk7u71\1605\hotspot\src\share\vm\prims\jvm.cpp:1281
Event: 6.890 Thread 0x000000000230e000 Threw 0x00000000eb942548 at C:\re\jdk7u71\1605\hotspot\src\share\vm\prims\jvm.cpp:1281
Event: 7.321 Thread 0x000000000230e000 Threw 0x00000000eab6bc20 at C:\re\jdk7u71\1605\hotspot\src\share\vm\prims\jvm.cpp:1281

Events (10 events):
Event: 7.130 Executing VM operation: RevokeBias
Event: 7.130 Executing VM operation: RevokeBias done
Event: 7.130 Executing VM operation: RevokeBias
Event: 7.130 Executing VM operation: RevokeBias done
Event: 7.130 Executing VM operation: RevokeBias
Event: 7.130 Executing VM operation: RevokeBias done
Event: 7.131 Executing VM operation: RevokeBias
Event: 7.131 Executing VM operation: RevokeBias done
Event: 7.321 loading class 0x0000000009a3b2d0
Event: 7.321 loading class 0x0000000009a3b2d0 done


Dynamic libraries:
0x000000013fd10000 - 0x000000013fd43000 	C:\Program Files\Java\jdk1.7.0_71\bin\java.exe
0x0000000077660000 - 0x0000000077809000 	C:\Windows\SYSTEM32\ntdll.dll
0x0000000077440000 - 0x0000000077560000 	C:\Windows\system32\kernel32.dll
0x000007fefd610000 - 0x000007fefd67c000 	C:\Windows\system32\KERNELBASE.dll
0x000007fefdc40000 - 0x000007fefdd1b000 	C:\Windows\system32\ADVAPI32.dll
0x000007feff2f0000 - 0x000007feff38f000 	C:\Windows\system32\msvcrt.dll
0x000007fefdf20000 - 0x000007fefdf3f000 	C:\Windows\SYSTEM32\sechost.dll
0x000007feff730000 - 0x000007feff85d000 	C:\Windows\system32\RPCRT4.dll
0x0000000077560000 - 0x000000007765a000 	C:\Windows\system32\USER32.dll
0x000007fefdf40000 - 0x000007fefdfa7000 	C:\Windows\system32\GDI32.dll
0x000007feff070000 - 0x000007feff07e000 	C:\Windows\system32\LPK.dll
0x000007fefdd20000 - 0x000007fefdde9000 	C:\Windows\system32\USP10.dll
0x000007fefbfe0000 - 0x000007fefc1d4000 	C:\Windows\WinSxS\amd64_microsoft.windows.common-controls_6595b64144ccf1df_6.0.7601.18837_none_fa3b1e3d17594757\COMCTL32.dll
0x000007fefede0000 - 0x000007fefee51000 	C:\Windows\system32\SHLWAPI.dll
0x000007feff570000 - 0x000007feff59e000 	C:\Windows\system32\IMM32.DLL
0x000007feff860000 - 0x000007feff969000 	C:\Windows\system32\MSCTF.dll
0x00000000500c0000 - 0x0000000050192000 	C:\Program Files\Java\jdk1.7.0_71\jre\bin\msvcr100.dll
0x000000006e560000 - 0x000000006ed33000 	C:\Program Files\Java\jdk1.7.0_71\jre\bin\server\jvm.dll
0x000007fef8e90000 - 0x000007fef8e99000 	C:\Windows\system32\WSOCK32.dll
0x000007fefdbf0000 - 0x000007fefdc3d000 	C:\Windows\system32\WS2_32.dll
0x000007feff600000 - 0x000007feff608000 	C:\Windows\system32\NSI.dll
0x000007fefaff0000 - 0x000007fefb02b000 	C:\Windows\system32\WINMM.dll
0x0000000077830000 - 0x0000000077837000 	C:\Windows\system32\PSAPI.DLL
0x000000005c420000 - 0x000000005c42f000 	C:\Program Files\Java\jdk1.7.0_71\jre\bin\verify.dll
0x000000005b260000 - 0x000000005b288000 	C:\Program Files\Java\jdk1.7.0_71\jre\bin\java.dll
0x000000005b2f0000 - 0x000000005b305000 	C:\Program Files\Java\jdk1.7.0_71\jre\bin\zip.dll

VM Arguments:
jvm_args: -Djava.awt.headless=true -Xmx1024M -Dfile.encoding=windows-1251 -Duser.country=RU -Duser.language=ru -Duser.variant 
java_command: com.android.dx.command.Main --dex --force-jumbo --multi-dex --output C:\Natallia\AndroidStudioProjects\MyFirstApp\app\build\intermediates\transforms\dex\debug\folders\1000\5\slice_2 C:\Natallia\AndroidStudioProjects\MyFirstApp\app\build\intermediates\transforms\instantRunSlicer\debug\folders\1\5\slice_2
Launcher Type: SUN_STANDARD

Environment Variables:
PATH=C:\ProgramData\Oracle\Java\javapath;C:\Program Files (x86)\AMD APP\bin\x86_64;C:\Program Files (x86)\AMD APP\bin\x86;C:\Windows\system32;C:\Windows;C:\Windows\System32\Wbem;C:\Windows\System32\WindowsPowerShell\v1.0\;C:\Program Files (x86)\ATI Technologies\ATI.ACE\Core-Static;C:\Program Files (x86)\Microsoft SQL Server\100\Tools\Binn\;C:\Program Files\Microsoft SQL Server\100\Tools\Binn\;C:\Program Files\Microsoft SQL Server\100\DTS\Binn\;C:\Program Files\Microsoft\Web Platform Installer\;C:\Program Files (x86)\Microsoft ASP.NET\ASP.NET Web Pages\v1.0\;C:\Program Files\Microsoft SQL Server\110\Tools\Binn\;C:\Windows\system32\config\systemprofile\.dnx\bin;C:\Program Files\Microsoft DNX\Dnvm\;C:\Program Files (x86)\Common Files\Acronis\SnapAPI\;C:\Program Files (x86)\Windows Kits\8.1\Windows Performance Toolkit\;C:\Program Files (x86)\Microsoft SDKs\TypeScript\1.0\;C:\Program Files\Microsoft SQL Server\120\Tools\Binn\;C:\Program Files\MATLAB\R2016a\runtime\win64;C:\Program Files\MATLAB\R2016a\bin;C:\Program Files\MATLAB\R2016a\polyspace\bin;C:\Program Files (x86)\Skype\Phone\;
USERNAME=ASUS
OS=Windows_NT
PROCESSOR_IDENTIFIER=AMD64 Family 20 Model 2 Stepping 0, AuthenticAMD



---------------  S Y S T E M  ---------------

OS: Windows 7 , 64 bit Build 7601 Service Pack 1

CPU:total 2 (2 cores per cpu, 1 threads per core) family 20 model 2 stepping 0, cmov, cx8, fxsr, mmx, sse, sse2, sse3, ssse3, popcnt, mmxext, lzcnt, sse4a, tsc, tscinvbit, tscinv

Memory: 4k page, physical 3779356k(854916k free), swap 4826096k(5140k free)

vm_info: Java HotSpot(TM) 64-Bit Server VM (24.71-b01) for windows-amd64 JRE (1.7.0_71-b14), built on Sep 26 2014 16:16:12 by "java_re" with unknown MS VC++:1600

time: Wed Jul 06 14:41:13 2016
elapsed time: 7 seconds

