#
# There is insufficient memory for the Java Runtime Environment to continue.
# Native memory allocation (malloc) failed to allocate 136096 bytes for Chunk::new
# Possible reasons:
#   The system is out of physical RAM or swap space
#   In 32 bit mode, the process size limit was hit
# Possible solutions:
#   Reduce memory load on the system
#   Increase physical memory or swap space
#   Check if swap backing store is full
#   Use 64 bit Java on a 64 bit OS
#   Decrease Java heap size (-Xmx/-Xms)
#   Decrease number of Java threads
#   Decrease Java thread stack sizes (-Xss)
#   Set larger code cache with -XX:ReservedCodeCacheSize=
# This output file may be truncated or incomplete.
#
#  Out of Memory Error (allocation.cpp:323), pid=1520, tid=6336
#
# JRE version: Java(TM) SE Runtime Environment (7.0_71-b14) (build 1.7.0_71-b14)
# Java VM: Java HotSpot(TM) 64-Bit Server VM (24.71-b01 mixed mode windows-amd64 compressed oops)
# Failed to write core dump. Minidumps are not enabled by default on client versions of Windows
#

---------------  T H R E A D  ---------------

Current thread (0x00000000081fe000):  JavaThread "C2 CompilerThread1" daemon [_thread_in_native, id=6336, stack(0x0000000009440000,0x0000000009540000)]

Stack: [0x0000000009440000,0x0000000009540000]
[error occurred during error reporting (printing stack bounds), id 0xc0000005]


[error occurred during error reporting (printing native stack), id 0xc0000005]


Current CompileTask:
C2:   1115   11             sun.net.www.ParseUtil::encodePath (336 bytes)


---------------  P R O C E S S  ---------------

Java Threads: ( => current thread )
  0x0000000008201000 JavaThread "Service Thread" daemon [_thread_blocked, id=4048, stack(0x00000000095d0000,0x00000000096d0000)]
=>0x00000000081fe000 JavaThread "C2 CompilerThread1" daemon [_thread_in_native, id=6336, stack(0x0000000009440000,0x0000000009540000)]
  0x00000000081ef000 JavaThread "C2 CompilerThread0" daemon [_thread_blocked, id=1388, stack(0x0000000008d60000,0x0000000008e60000)]
  0x00000000081ee000 JavaThread "Attach Listener" daemon [_thread_blocked, id=6452, stack(0x0000000009340000,0x0000000009440000)]
  0x00000000081ec800 JavaThread "Signal Dispatcher" daemon [_thread_blocked, id=7128, stack(0x0000000009180000,0x0000000009280000)]
  0x0000000008197000 JavaThread "Finalizer" daemon [_thread_blocked, id=6288, stack(0x0000000008f70000,0x0000000009070000)]
  0x000000000217d000 JavaThread "Reference Handler" daemon [_thread_blocked, id=3816, stack(0x0000000008e70000,0x0000000008f70000)]
  0x000000000227e000 JavaThread "main" [_thread_in_vm, id=4020, stack(0x0000000002440000,0x0000000002540000)]

Other Threads:
  0x0000000008193000 VMThread [stack: 0x0000000008c50000,0x0000000008d50000] [id=6444]
  0x000000000820b000 WatcherThread [stack: 0x00000000096d0000,0x00000000097d0000] [id=7164]

VM state:not at safepoint (normal execution)

VM Mutex/Monitor currently owned by a thread: None

Heap
 PSYoungGen      total 17920K, used 5156K [0x00000000eaa80000, 0x00000000ebe00000, 0x0000000100000000)
  eden space 15872K, 32% used [0x00000000eaa80000,0x00000000eaf892b8,0x00000000eba00000)
  from space 2048K, 0% used [0x00000000ebc00000,0x00000000ebc00000,0x00000000ebe00000)
  to   space 2048K, 0% used [0x00000000eba00000,0x00000000eba00000,0x00000000ebc00000)
 ParOldGen       total 39424K, used 0K [0x00000000c0000000, 0x00000000c2680000, 0x00000000eaa80000)
  object space 39424K, 0% used [0x00000000c0000000,0x00000000c0000000,0x00000000c2680000)
 PSPermGen       total 21504K, used 4154K [0x00000000bae00000, 0x00000000bc300000, 0x00000000c0000000)
  object space 21504K, 19% used [0x00000000bae00000,0x00000000bb20e888,0x00000000bc300000)

Card table byte_map: [0x0000000005540000,0x0000000005770000] byte_map_base: 0x0000000004f69000

Polling page: 0x0000000000340000

Code Cache  [0x0000000002540000, 0x00000000027b0000, 0x0000000005540000)
 total_blobs=213 nmethods=10 adapters=157 free_code_cache=48746Kb largest_free_block=49901696

Compilation events (10 events):
Event: 0.866 Thread 0x00000000081fe000 nmethod 6 0x00000000025a1850 code [0x00000000025a19a0, 0x00000000025a1e88]
Event: 0.949 Thread 0x00000000081ef000    7             java.lang.String::equals (81 bytes)
Event: 0.957 Thread 0x00000000081ef000 nmethod 7 0x00000000025a0e90 code [0x00000000025a0fe0, 0x00000000025a1238]
Event: 0.997 Thread 0x00000000081fe000    8             java.lang.String::startsWith (72 bytes)
Event: 0.998 Thread 0x00000000081ef000    9             java.lang.Object::<init> (1 bytes)
Event: 0.999 Thread 0x00000000081ef000 nmethod 9 0x00000000025a4610 code [0x00000000025a4740, 0x00000000025a47b8]
Event: 1.005 Thread 0x00000000081fe000 nmethod 8 0x00000000025a4210 code [0x00000000025a4360, 0x00000000025a44f8]
Event: 1.040 Thread 0x00000000081ef000   10             java.lang.String::charAt (29 bytes)
Event: 1.042 Thread 0x00000000081ef000 nmethod 10 0x00000000025a82d0 code [0x00000000025a8400, 0x00000000025a8498]
Event: 1.094 Thread 0x00000000081fe000   11             sun.net.www.ParseUtil::encodePath (336 bytes)

GC Heap History (0 events):
No events

Deoptimization events (0 events):
No events

Internal exceptions (10 events):
Event: 1.095 Thread 0x000000000227e000 Threw 0x00000000eaf23068 at C:\re\jdk7u71\1605\hotspot\src\share\vm\prims\jvm.cpp:1281
Event: 1.097 Thread 0x000000000227e000 Threw 0x00000000eaf28628 at C:\re\jdk7u71\1605\hotspot\src\share\vm\prims\jvm.cpp:1281
Event: 1.098 Thread 0x000000000227e000 Threw 0x00000000eaf2a5a0 at C:\re\jdk7u71\1605\hotspot\src\share\vm\prims\jvm.cpp:1281
Event: 1.099 Thread 0x000000000227e000 Threw 0x00000000eaf2c8b8 at C:\re\jdk7u71\1605\hotspot\src\share\vm\prims\jvm.cpp:1281
Event: 1.102 Thread 0x000000000227e000 Threw 0x00000000eaf315c8 at C:\re\jdk7u71\1605\hotspot\src\share\vm\prims\jvm.cpp:1281
Event: 1.103 Thread 0x000000000227e000 Threw 0x00000000eaf338c0 at C:\re\jdk7u71\1605\hotspot\src\share\vm\prims\jvm.cpp:1281
Event: 1.104 Thread 0x000000000227e000 Threw 0x00000000eaf355f0 at C:\re\jdk7u71\1605\hotspot\src\share\vm\prims\jvm.cpp:1281
Event: 1.105 Thread 0x000000000227e000 Threw 0x00000000eaf38be0 at C:\re\jdk7u71\1605\hotspot\src\share\vm\prims\jvm.cpp:1281
Event: 1.107 Thread 0x000000000227e000 Threw 0x00000000eaf3b780 at C:\re\jdk7u71\1605\hotspot\src\share\vm\prims\jvm.cpp:1281
Event: 1.108 Thread 0x000000000227e000 Threw 0x00000000eaf3dfa8 at C:\re\jdk7u71\1605\hotspot\src\share\vm\prims\jvm.cpp:1281

Events (10 events):
Event: 1.103 loading class 0x000000000987a430
Event: 1.103 loading class 0x000000000987a430 done
Event: 1.104 loading class 0x000000000987e9d0
Event: 1.104 loading class 0x000000000987e9d0 done
Event: 1.105 loading class 0x000000000987b5e0
Event: 1.105 loading class 0x000000000987b5e0 done
Event: 1.107 loading class 0x00000000098c52d0
Event: 1.107 loading class 0x00000000098c52d0 done
Event: 1.108 loading class 0x000000000987ad30
Event: 1.108 loading class 0x000000000987ad30 done


Dynamic libraries:
0x000000013f910000 - 0x000000013f943000 	C:\Program Files\Java\jdk1.7.0_71\bin\java.exe
0x0000000077660000 - 0x0000000077809000 	C:\Windows\SYSTEM32\ntdll.dll
0x0000000077440000 - 0x0000000077560000 	C:\Windows\system32\kernel32.dll
0x000007fefd610000 - 0x000007fefd67c000 	C:\Windows\system32\KERNELBASE.dll
0x000007fefdc40000 - 0x000007fefdd1b000 	C:\Windows\system32\ADVAPI32.dll
0x000007feff2f0000 - 0x000007feff38f000 	C:\Windows\system32\msvcrt.dll
0x000007fefdf20000 - 0x000007fefdf3f000 	C:\Windows\SYSTEM32\sechost.dll
0x000007feff730000 - 0x000007feff85d000 	C:\Windows\system32\RPCRT4.dll
0x0000000077560000 - 0x000000007765a000 	C:\Windows\system32\USER32.dll
0x000007fefdf40000 - 0x000007fefdfa7000 	C:\Windows\system32\GDI32.dll
0x000007feff070000 - 0x000007feff07e000 	C:\Windows\system32\LPK.dll
0x000007fefdd20000 - 0x000007fefdde9000 	C:\Windows\system32\USP10.dll
0x000007fefbfe0000 - 0x000007fefc1d4000 	C:\Windows\WinSxS\amd64_microsoft.windows.common-controls_6595b64144ccf1df_6.0.7601.18837_none_fa3b1e3d17594757\COMCTL32.dll
0x000007fefede0000 - 0x000007fefee51000 	C:\Windows\system32\SHLWAPI.dll
0x000007feff570000 - 0x000007feff59e000 	C:\Windows\system32\IMM32.DLL
0x000007feff860000 - 0x000007feff969000 	C:\Windows\system32\MSCTF.dll
0x0000000050ef0000 - 0x0000000050fc2000 	C:\Program Files\Java\jdk1.7.0_71\jre\bin\msvcr100.dll
0x000000006dea0000 - 0x000000006e673000 	C:\Program Files\Java\jdk1.7.0_71\jre\bin\server\jvm.dll
0x000007fef8e90000 - 0x000007fef8e99000 	C:\Windows\system32\WSOCK32.dll
0x000007fefdbf0000 - 0x000007fefdc3d000 	C:\Windows\system32\WS2_32.dll
0x000007feff600000 - 0x000007feff608000 	C:\Windows\system32\NSI.dll
0x000007fefaff0000 - 0x000007fefb02b000 	C:\Windows\system32\WINMM.dll
0x0000000077830000 - 0x0000000077837000 	C:\Windows\system32\PSAPI.DLL
0x000000005b300000 - 0x000000005b30f000 	C:\Program Files\Java\jdk1.7.0_71\jre\bin\verify.dll
0x000000005b2d0000 - 0x000000005b2f8000 	C:\Program Files\Java\jdk1.7.0_71\jre\bin\java.dll
0x000000005b270000 - 0x000000005b285000 	C:\Program Files\Java\jdk1.7.0_71\jre\bin\zip.dll

VM Arguments:
jvm_args: -Djava.awt.headless=true -Xmx1024M -Dfile.encoding=windows-1251 -Duser.country=RU -Duser.language=ru -Duser.variant 
java_command: com.android.dx.command.Main --dex --force-jumbo --multi-dex --output C:\Natallia\AndroidStudioProjects\MyFirstApp\app\build\intermediates\transforms\dex\debug\folders\1000\5\slice_3 C:\Natallia\AndroidStudioProjects\MyFirstApp\app\build\intermediates\transforms\instantRunSlicer\debug\folders\1\5\slice_3
Launcher Type: SUN_STANDARD

Environment Variables:
PATH=C:\ProgramData\Oracle\Java\javapath;C:\Program Files (x86)\AMD APP\bin\x86_64;C:\Program Files (x86)\AMD APP\bin\x86;C:\Windows\system32;C:\Windows;C:\Windows\System32\Wbem;C:\Windows\System32\WindowsPowerShell\v1.0\;C:\Program Files (x86)\ATI Technologies\ATI.ACE\Core-Static;C:\Program Files (x86)\Microsoft SQL Server\100\Tools\Binn\;C:\Program Files\Microsoft SQL Server\100\Tools\Binn\;C:\Program Files\Microsoft SQL Server\100\DTS\Binn\;C:\Program Files\Microsoft\Web Platform Installer\;C:\Program Files (x86)\Microsoft ASP.NET\ASP.NET Web Pages\v1.0\;C:\Program Files\Microsoft SQL Server\110\Tools\Binn\;C:\Windows\system32\config\systemprofile\.dnx\bin;C:\Program Files\Microsoft DNX\Dnvm\;C:\Program Files (x86)\Common Files\Acronis\SnapAPI\;C:\Program Files (x86)\Windows Kits\8.1\Windows Performance Toolkit\;C:\Program Files (x86)\Microsoft SDKs\TypeScript\1.0\;C:\Program Files\Microsoft SQL Server\120\Tools\Binn\;C:\Program Files\MATLAB\R2016a\runtime\win64;C:\Program Files\MATLAB\R2016a\bin;C:\Program Files\MATLAB\R2016a\polyspace\bin;C:\Program Files (x86)\Skype\Phone\;
USERNAME=ASUS
OS=Windows_NT
PROCESSOR_IDENTIFIER=AMD64 Family 20 Model 2 Stepping 0, AuthenticAMD



---------------  S Y S T E M  ---------------

OS: Windows 7 , 64 bit Build 7601 Service Pack 1

CPU:total 2 (2 cores per cpu, 1 threads per core) family 20 model 2 stepping 0, cmov, cx8, fxsr, mmx, sse, sse2, sse3, ssse3, popcnt, mmxext, lzcnt, sse4a, tsc, tscinvbit, tscinv

Memory: 4k page, physical 3779356k(923416k free), swap 4826096k(5092k free)

vm_info: Java HotSpot(TM) 64-Bit Server VM (24.71-b01) for windows-amd64 JRE (1.7.0_71-b14), built on Sep 26 2014 16:16:12 by "java_re" with unknown MS VC++:1600

time: Wed Jul 06 13:19:57 2016
elapsed time: 1 seconds

