#
# There is insufficient memory for the Java Runtime Environment to continue.
# Native memory allocation (malloc) failed to allocate 363296 bytes for Chunk::new
# Possible reasons:
#   The system is out of physical RAM or swap space
#   In 32 bit mode, the process size limit was hit
# Possible solutions:
#   Reduce memory load on the system
#   Increase physical memory or swap space
#   Check if swap backing store is full
#   Use 64 bit Java on a 64 bit OS
#   Decrease Java heap size (-Xmx/-Xms)
#   Decrease number of Java threads
#   Decrease Java thread stack sizes (-Xss)
#   Set larger code cache with -XX:ReservedCodeCacheSize=
# This output file may be truncated or incomplete.
#
#  Out of Memory Error (allocation.cpp:323), pid=4340, tid=4536
#
# JRE version: Java(TM) SE Runtime Environment (7.0_71-b14) (build 1.7.0_71-b14)
# Java VM: Java HotSpot(TM) 64-Bit Server VM (24.71-b01 mixed mode windows-amd64 compressed oops)
# Failed to write core dump. Minidumps are not enabled by default on client versions of Windows
#

---------------  T H R E A D  ---------------

Current thread (0x00000000083cf000):  JavaThread "C2 CompilerThread0" daemon [_thread_in_native, id=4536, stack(0x0000000009480000,0x0000000009580000)]

Stack: [0x0000000009480000,0x0000000009580000]
[error occurred during error reporting (printing stack bounds), id 0xc0000005]


[error occurred during error reporting (printing native stack), id 0xc0000005]


Current CompileTask:
C2:   7521  139             com.android.dx.ssa.SsaConverter::placePhiFunctions (394 bytes)


---------------  P R O C E S S  ---------------

Java Threads: ( => current thread )
  0x00000000083d9000 JavaThread "Service Thread" daemon [_thread_blocked, id=6396, stack(0x0000000009610000,0x0000000009710000)]
  0x00000000083d8000 JavaThread "C2 CompilerThread1" daemon [_thread_blocked, id=5832, stack(0x0000000009330000,0x0000000009430000)]
=>0x00000000083cf000 JavaThread "C2 CompilerThread0" daemon [_thread_in_native, id=4536, stack(0x0000000009480000,0x0000000009580000)]
  0x00000000083cd800 JavaThread "Attach Listener" daemon [_thread_blocked, id=6248, stack(0x00000000091e0000,0x00000000092e0000)]
  0x00000000083cc800 JavaThread "Signal Dispatcher" daemon [_thread_blocked, id=6704, stack(0x0000000008f70000,0x0000000009070000)]
  0x000000000836c800 JavaThread "Finalizer" daemon [_thread_blocked, id=5560, stack(0x0000000008d00000,0x0000000008e00000)]
  0x000000000231f000 JavaThread "Reference Handler" daemon [_thread_blocked, id=6476, stack(0x0000000009070000,0x0000000009170000)]
  0x0000000001cee800 JavaThread "main" [_thread_in_vm, id=6400, stack(0x0000000002530000,0x0000000002630000)]

Other Threads:
  0x0000000008362000 VMThread [stack: 0x0000000008e50000,0x0000000008f50000] [id=6760]
  0x00000000083db800 WatcherThread [stack: 0x0000000009810000,0x0000000009910000] [id=4440]

VM state:not at safepoint (normal execution)

VM Mutex/Monitor currently owned by a thread: None

Heap
 PSYoungGen      total 17920K, used 4364K [0x00000000eaa80000, 0x00000000ebe00000, 0x0000000100000000)
  eden space 15872K, 14% used [0x00000000eaa80000,0x00000000eacc9430,0x00000000eba00000)
  from space 2048K, 98% used [0x00000000eba00000,0x00000000ebbf9c68,0x00000000ebc00000)
  to   space 2048K, 0% used [0x00000000ebc00000,0x00000000ebc00000,0x00000000ebe00000)
 ParOldGen       total 39424K, used 1834K [0x00000000c0000000, 0x00000000c2680000, 0x00000000eaa80000)
  object space 39424K, 4% used [0x00000000c0000000,0x00000000c01ca848,0x00000000c2680000)
 PSPermGen       total 21504K, used 5367K [0x00000000bae00000, 0x00000000bc300000, 0x00000000c0000000)
  object space 21504K, 24% used [0x00000000bae00000,0x00000000bb33de00,0x00000000bc300000)

Card table byte_map: [0x0000000005630000,0x0000000005860000] byte_map_base: 0x0000000005059000

Polling page: 0x0000000000130000

Code Cache  [0x0000000002630000, 0x00000000028a0000, 0x0000000005630000)
 total_blobs=371 nmethods=138 adapters=186 free_code_cache=48510Kb largest_free_block=49645888

Compilation events (10 events):
Event: 7.363 Thread 0x00000000083cf000  135             com.android.dx.ssa.DeadCodeRemover::hasSideEffect (11 bytes)
Event: 7.372 Thread 0x00000000083cf000 nmethod 135 0x00000000026cd250 code [0x00000000026cd3a0, 0x00000000026cd538]
Event: 7.399 Thread 0x00000000083d8000 nmethod 132 0x00000000026d40d0 code [0x00000000026d42e0, 0x00000000026d5420]
Event: 7.464 Thread 0x00000000083cf000  136             java.util.BitSet::clear (70 bytes)
Event: 7.470 Thread 0x00000000083cf000 nmethod 136 0x00000000026ced90 code [0x00000000026ceee0, 0x00000000026cefd8]
Event: 7.472 Thread 0x00000000083d8000  137             com.android.dx.cf.code.Ropper::labelToResultIndex (47 bytes)
Event: 7.477 Thread 0x00000000083cf000  138             com.android.dx.rop.code.BasicBlock::getSuccessors (5 bytes)
Event: 7.478 Thread 0x00000000083cf000 nmethod 138 0x00000000026ceb90 code [0x00000000026cecc0, 0x00000000026ced18]
Event: 7.482 Thread 0x00000000083d8000 nmethod 137 0x00000000026d2210 code [0x00000000026d2360, 0x00000000026d25d8]
Event: 7.488 Thread 0x00000000083cf000  139             com.android.dx.ssa.SsaConverter::placePhiFunctions (394 bytes)

GC Heap History (2 events):
Event: 6.922 GC heap before
{Heap before GC invocations=1 (full 0):
 PSYoungGen      total 17920K, used 15872K [0x00000000eaa80000, 0x00000000ebe00000, 0x0000000100000000)
  eden space 15872K, 100% used [0x00000000eaa80000,0x00000000eba00000,0x00000000eba00000)
  from space 2048K, 0% used [0x00000000ebc00000,0x00000000ebc00000,0x00000000ebe00000)
  to   space 2048K, 0% used [0x00000000eba00000,0x00000000eba00000,0x00000000ebc00000)
 ParOldGen       total 39424K, used 0K [0x00000000c0000000, 0x00000000c2680000, 0x00000000eaa80000)
  object space 39424K, 0% used [0x00000000c0000000,0x00000000c0000000,0x00000000c2680000)
 PSPermGen       total 21504K, used 5334K [0x00000000bae00000, 0x00000000bc300000, 0x00000000c0000000)
  object space 21504K, 24% used [0x00000000bae00000,0x00000000bb335a00,0x00000000bc300000)
Event: 7.057 GC heap after
Heap after GC invocations=1 (full 0):
 PSYoungGen      total 17920K, used 2023K [0x00000000eaa80000, 0x00000000ebe00000, 0x0000000100000000)
  eden space 15872K, 0% used [0x00000000eaa80000,0x00000000eaa80000,0x00000000eba00000)
  from space 2048K, 98% used [0x00000000eba00000,0x00000000ebbf9c68,0x00000000ebc00000)
  to   space 2048K, 0% used [0x00000000ebc00000,0x00000000ebc00000,0x00000000ebe00000)
 ParOldGen       total 39424K, used 1834K [0x00000000c0000000, 0x00000000c2680000, 0x00000000eaa80000)
  object space 39424K, 4% used [0x00000000c0000000,0x00000000c01ca848,0x00000000c2680000)
 PSPermGen       total 21504K, used 5334K [0x00000000bae00000, 0x00000000bc300000, 0x00000000c0000000)
  object space 21504K, 24% used [0x00000000bae00000,0x00000000bb335a00,0x00000000bc300000)
}

Deoptimization events (10 events):
Event: 4.663 Thread 0x0000000001cee800 Uncommon trap: reason=bimorphic action=maybe_recompile pc=0x000000000269e9f8 method=java.util.HashMap.getEntry(Ljava/lang/Object;)Ljava/util/HashMap$Entry; @ 68
Event: 4.666 Thread 0x0000000001cee800 Uncommon trap: reason=bimorphic action=maybe_recompile pc=0x000000000269e9f8 method=java.util.HashMap.getEntry(Ljava/lang/Object;)Ljava/util/HashMap$Entry; @ 68
Event: 4.668 Thread 0x0000000001cee800 Uncommon trap: reason=bimorphic action=maybe_recompile pc=0x000000000269e9f8 method=java.util.HashMap.getEntry(Ljava/lang/Object;)Ljava/util/HashMap$Entry; @ 68
Event: 5.306 Thread 0x0000000001cee800 Uncommon trap: reason=class_check action=maybe_recompile pc=0x00000000026a3998 method=com.android.dx.ssa.NormalSsaInsn.accept(Lcom/android/dx/ssa/SsaInsn$Visitor;)V @ 9
Event: 5.306 Thread 0x0000000001cee800 Uncommon trap: reason=class_check action=maybe_recompile pc=0x00000000026a3998 method=com.android.dx.ssa.NormalSsaInsn.accept(Lcom/android/dx/ssa/SsaInsn$Visitor;)V @ 9
Event: 5.319 Thread 0x0000000001cee800 Uncommon trap: reason=class_check action=maybe_recompile pc=0x00000000026a3998 method=com.android.dx.ssa.NormalSsaInsn.accept(Lcom/android/dx/ssa/SsaInsn$Visitor;)V @ 9
Event: 5.319 Thread 0x0000000001cee800 Uncommon trap: reason=class_check action=maybe_recompile pc=0x00000000026a3998 method=com.android.dx.ssa.NormalSsaInsn.accept(Lcom/android/dx/ssa/SsaInsn$Visitor;)V @ 9
Event: 5.394 Thread 0x0000000001cee800 Uncommon trap: reason=null_check action=make_not_entrant pc=0x00000000026a8938 method=com.android.dx.rop.code.LocalItem.equals(Ljava/lang/Object;)Z @ 1
Event: 5.682 Thread 0x0000000001cee800 Uncommon trap: reason=null_check action=make_not_entrant pc=0x00000000026b2b98 method=com.android.dx.rop.code.LocalItem.equals(Ljava/lang/Object;)Z @ 1
Event: 6.498 Thread 0x0000000001cee800 Uncommon trap: reason=null_check action=make_not_entrant pc=0x00000000026b9f30 method=com.android.dx.ssa.SsaRenamer.getLocalForNewReg(I)Lcom/android/dx/rop/code/LocalItem; @ 19

Internal exceptions (10 events):
Event: 5.677 Thread 0x0000000001cee800 Threw 0x00000000eb601bd8 at C:\re\jdk7u71\1605\hotspot\src\share\vm\prims\jvm.cpp:1281
Event: 5.681 Thread 0x0000000001cee800 Implicit null exception at 0x00000000026b2490 to 0x00000000026b2b7d
Event: 6.017 Thread 0x0000000001cee800 Threw 0x00000000eb6de0c0 at C:\re\jdk7u71\1605\hotspot\src\share\vm\prims\jvm.cpp:1281
Event: 6.018 Thread 0x0000000001cee800 Threw 0x00000000eb6e2ab8 at C:\re\jdk7u71\1605\hotspot\src\share\vm\prims\jvm.cpp:1281
Event: 6.497 Thread 0x0000000001cee800 Implicit null exception at 0x00000000026b969c to 0x00000000026b9f15
Event: 6.781 Thread 0x0000000001cee800 Threw 0x00000000eb913100 at C:\re\jdk7u71\1605\hotspot\src\share\vm\prims\jvm.cpp:1281
Event: 7.156 Thread 0x0000000001cee800 Threw 0x00000000eab3fcc8 at C:\re\jdk7u71\1605\hotspot\src\share\vm\prims\jvm.cpp:1281
Event: 7.157 Thread 0x0000000001cee800 Threw 0x00000000eab42060 at C:\re\jdk7u71\1605\hotspot\src\share\vm\prims\jvm.cpp:1281
Event: 7.164 Thread 0x0000000001cee800 Threw 0x00000000eab54ee8 at C:\re\jdk7u71\1605\hotspot\src\share\vm\prims\jvm.cpp:1281
Event: 7.253 Thread 0x0000000001cee800 Threw 0x00000000eabb9788 at C:\re\jdk7u71\1605\hotspot\src\share\vm\prims\jvm.cpp:1281

Events (10 events):
Event: 7.069 Executing VM operation: BulkRevokeBias
Event: 7.069 Executing VM operation: BulkRevokeBias done
Event: 7.156 loading class 0x00000000083f2f90
Event: 7.156 loading class 0x00000000083f2f90 done
Event: 7.157 loading class 0x0000000008408aa0
Event: 7.157 loading class 0x0000000008408aa0 done
Event: 7.164 loading class 0x0000000009ab7f30
Event: 7.164 loading class 0x0000000009ab7f30 done
Event: 7.253 loading class 0x0000000009aaba00
Event: 7.253 loading class 0x0000000009aaba00 done


Dynamic libraries:
0x000000013fd10000 - 0x000000013fd43000 	C:\Program Files\Java\jdk1.7.0_71\bin\java.exe
0x0000000077660000 - 0x0000000077809000 	C:\Windows\SYSTEM32\ntdll.dll
0x0000000077440000 - 0x0000000077560000 	C:\Windows\system32\kernel32.dll
0x000007fefd610000 - 0x000007fefd67c000 	C:\Windows\system32\KERNELBASE.dll
0x000007fefdc40000 - 0x000007fefdd1b000 	C:\Windows\system32\ADVAPI32.dll
0x000007feff2f0000 - 0x000007feff38f000 	C:\Windows\system32\msvcrt.dll
0x000007fefdf20000 - 0x000007fefdf3f000 	C:\Windows\SYSTEM32\sechost.dll
0x000007feff730000 - 0x000007feff85d000 	C:\Windows\system32\RPCRT4.dll
0x0000000077560000 - 0x000000007765a000 	C:\Windows\system32\USER32.dll
0x000007fefdf40000 - 0x000007fefdfa7000 	C:\Windows\system32\GDI32.dll
0x000007feff070000 - 0x000007feff07e000 	C:\Windows\system32\LPK.dll
0x000007fefdd20000 - 0x000007fefdde9000 	C:\Windows\system32\USP10.dll
0x000007fefbfe0000 - 0x000007fefc1d4000 	C:\Windows\WinSxS\amd64_microsoft.windows.common-controls_6595b64144ccf1df_6.0.7601.18837_none_fa3b1e3d17594757\COMCTL32.dll
0x000007fefede0000 - 0x000007fefee51000 	C:\Windows\system32\SHLWAPI.dll
0x000007feff570000 - 0x000007feff59e000 	C:\Windows\system32\IMM32.DLL
0x000007feff860000 - 0x000007feff969000 	C:\Windows\system32\MSCTF.dll
0x00000000500c0000 - 0x0000000050192000 	C:\Program Files\Java\jdk1.7.0_71\jre\bin\msvcr100.dll
0x000000006e560000 - 0x000000006ed33000 	C:\Program Files\Java\jdk1.7.0_71\jre\bin\server\jvm.dll
0x000007fef8e90000 - 0x000007fef8e99000 	C:\Windows\system32\WSOCK32.dll
0x000007fefdbf0000 - 0x000007fefdc3d000 	C:\Windows\system32\WS2_32.dll
0x000007feff600000 - 0x000007feff608000 	C:\Windows\system32\NSI.dll
0x000007fefaff0000 - 0x000007fefb02b000 	C:\Windows\system32\WINMM.dll
0x0000000077830000 - 0x0000000077837000 	C:\Windows\system32\PSAPI.DLL
0x000000005c420000 - 0x000000005c42f000 	C:\Program Files\Java\jdk1.7.0_71\jre\bin\verify.dll
0x000000005b260000 - 0x000000005b288000 	C:\Program Files\Java\jdk1.7.0_71\jre\bin\java.dll
0x000000005b2f0000 - 0x000000005b305000 	C:\Program Files\Java\jdk1.7.0_71\jre\bin\zip.dll
0x000000005b2d0000 - 0x000000005b2e9000 	C:\Program Files\Java\jdk1.7.0_71\jre\bin\net.dll
0x000007fefcd90000 - 0x000007fefcde5000 	C:\Windows\system32\mswsock.dll
0x000007fefcd80000 - 0x000007fefcd87000 	C:\Windows\System32\wship6.dll
0x000000005b240000 - 0x000000005b251000 	C:\Program Files\Java\jdk1.7.0_71\jre\bin\nio.dll

VM Arguments:
jvm_args: -Djava.awt.headless=true -Xmx1024M -Dfile.encoding=windows-1251 -Duser.country=RU -Duser.language=ru -Duser.variant 
java_command: com.android.dx.command.Main --dex --force-jumbo --multi-dex --output C:\Natallia\AndroidStudioProjects\MyFirstApp\app\build\intermediates\transforms\dex\debug\folders\1000\10\internal_impl-21.0.3_088bc18ca9f4e1bfcae3dd4be9d1e9ef91795401 C:\Natallia\AndroidStudioProjects\MyFirstApp\app\build\intermediates\exploded-aar\com.android.support\support-v4\21.0.3\jars\libs\internal_impl-21.0.3.jar
Launcher Type: SUN_STANDARD

Environment Variables:
PATH=C:\ProgramData\Oracle\Java\javapath;C:\Program Files (x86)\AMD APP\bin\x86_64;C:\Program Files (x86)\AMD APP\bin\x86;C:\Windows\system32;C:\Windows;C:\Windows\System32\Wbem;C:\Windows\System32\WindowsPowerShell\v1.0\;C:\Program Files (x86)\ATI Technologies\ATI.ACE\Core-Static;C:\Program Files (x86)\Microsoft SQL Server\100\Tools\Binn\;C:\Program Files\Microsoft SQL Server\100\Tools\Binn\;C:\Program Files\Microsoft SQL Server\100\DTS\Binn\;C:\Program Files\Microsoft\Web Platform Installer\;C:\Program Files (x86)\Microsoft ASP.NET\ASP.NET Web Pages\v1.0\;C:\Program Files\Microsoft SQL Server\110\Tools\Binn\;C:\Windows\system32\config\systemprofile\.dnx\bin;C:\Program Files\Microsoft DNX\Dnvm\;C:\Program Files (x86)\Common Files\Acronis\SnapAPI\;C:\Program Files (x86)\Windows Kits\8.1\Windows Performance Toolkit\;C:\Program Files (x86)\Microsoft SDKs\TypeScript\1.0\;C:\Program Files\Microsoft SQL Server\120\Tools\Binn\;C:\Program Files\MATLAB\R2016a\runtime\win64;C:\Program Files\MATLAB\R2016a\bin;C:\Program Files\MATLAB\R2016a\polyspace\bin;C:\Program Files (x86)\Skype\Phone\;
USERNAME=ASUS
OS=Windows_NT
PROCESSOR_IDENTIFIER=AMD64 Family 20 Model 2 Stepping 0, AuthenticAMD



---------------  S Y S T E M  ---------------

OS: Windows 7 , 64 bit Build 7601 Service Pack 1

CPU:total 2 (2 cores per cpu, 1 threads per core) family 20 model 2 stepping 0, cmov, cx8, fxsr, mmx, sse, sse2, sse3, ssse3, popcnt, mmxext, lzcnt, sse4a, tsc, tscinvbit, tscinv

Memory: 4k page, physical 3779356k(854484k free), swap 4826096k(5672k free)

vm_info: Java HotSpot(TM) 64-Bit Server VM (24.71-b01) for windows-amd64 JRE (1.7.0_71-b14), built on Sep 26 2014 16:16:12 by "java_re" with unknown MS VC++:1600

time: Wed Jul 06 14:41:17 2016
elapsed time: 7 seconds

